./fast-downward.sif --alias lama-first --overall-memory-limit 8G --overall-time-limit 60 --plan-file ./submissions/rover_example/marking/3/plan.p02.pddl.merged ./submissions/rover_example/marking/3/domain.pddl ./submissions/rover_example/marking/3/p02.pddl
INFO     planner time limit: 60s
INFO     planner memory limit: 8192 MB

INFO     Running translator.
INFO     translator stdin: None
INFO     translator time limit: 59s
INFO     translator memory limit: 8192 MB
INFO     translator command line string: /usr/bin/python3 /workspace/downward/builds/release/bin/translate/translate.py submissions/rover_example/marking/3/domain.pddl submissions/rover_example/marking/3/p02.pddl --sas-file output.sas
Parsing...
Parsing: [0.000s CPU, 0.006s wall-clock]
Normalizing task... [0.000s CPU, 0.002s wall-clock]
Instantiating...
Generating Datalog program... [0.000s CPU, 0.001s wall-clock]
Normalizing Datalog program...
Normalizing Datalog program: [0.030s CPU, 0.024s wall-clock]
Preparing model... [0.000s CPU, 0.007s wall-clock]
Generated 1014 rules.
Computing model... [0.020s CPU, 0.014s wall-clock]
815 relevant atoms
2858 auxiliary atoms
3673 final queue length
4426 total queue pushes
Completing instantiation... [0.000s CPU, 0.007s wall-clock]
Instantiating: [0.060s CPU, 0.054s wall-clock]
Computing fact groups...
Finding invariants...
71 initial candidates
Finding invariants: [0.000s CPU, 0.008s wall-clock]
Checking invariant weight... [0.000s CPU, 0.000s wall-clock]
Instantiating groups... [0.000s CPU, 0.000s wall-clock]
Collecting mutex groups... [0.000s CPU, 0.000s wall-clock]
Choosing groups...
41 uncovered facts
Choosing groups: [0.000s CPU, 0.000s wall-clock]
Building translation key... [0.000s CPU, 0.000s wall-clock]
Computing fact groups: [0.000s CPU, 0.009s wall-clock]
Building STRIPS to SAS dictionary... [0.000s CPU, 0.000s wall-clock]
Building dictionary for full mutex groups... [0.000s CPU, 0.000s wall-clock]
Building mutex information...
Building mutex information: [0.000s CPU, 0.000s wall-clock]
Translating task...
Processing axioms...
Simplifying axioms... [0.000s CPU, 0.000s wall-clock]
Translator axioms removed by simplifying: 0
Processing axioms: [0.000s CPU, 0.001s wall-clock]
Translating task: [0.010s CPU, 0.010s wall-clock]
32 effect conditions simplified
0 implied preconditions added
Detecting unreachable propositions...
205 operators removed
0 axioms removed
17 propositions removed
Detecting unreachable propositions: [0.010s CPU, 0.004s wall-clock]
Reordering and filtering variables...
27 of 43 variables necessary.
8 of 17 mutex groups necessary.
304 of 328 operators necessary.
0 of 0 axiom rules necessary.
Reordering and filtering variables: [0.000s CPU, 0.001s wall-clock]
Translator variables: 27
Translator derived variables: 0
Translator facts: 56
Translator goal facts: 1
Translator mutex groups: 8
Translator total mutex groups size: 16
Translator operators: 304
Translator axioms: 0
Translator task size: 1566
Translator peak memory: 36804 KB
Writing output... [0.000s CPU, 0.002s wall-clock]
Done! [0.080s CPU, 0.088s wall-clock]
translate exit code: 0

INFO     Running search (release).
INFO     search stdin: output.sas
INFO     search time limit: 59s
INFO     search memory limit: 8192 MB
INFO     search command line string: /workspace/downward/builds/release/bin/downward --search 'let(hlm,landmark_sum(lm_factory=lm_reasonable_orders_hps(lm_rhw()),transform=adapt_costs(one),pref=false),let(hff,ff(transform=adapt_costs(one)),lazy_greedy([hff,hlm],preferred=[hff,hlm],cost_type=one,reopen_closed=false)))' --internal-plan-file submissions/rover_example/marking/3/plan.p02.pddl.merged < output.sas
[t=0.001171s, 12124 KB] reading input...
[t=0.002610s, 12124 KB] done reading input!
[t=0.003819s, 12520 KB] Initializing landmark sum heuristic...
[t=0.004202s, 12520 KB] Generating landmark graph...
[t=0.004202s, 12520 KB] Building a landmark graph with reasonable orders.
[t=0.004202s, 12520 KB] Initializing Exploration...
[t=0.004202s, 12520 KB] Generating landmarks using the RPG/SAS+ approach
[t=0.004202s, 12520 KB] Landmarks generation time: 0.000000s
[t=0.004202s, 12520 KB] Discovered 2 landmarks, of which 0 are disjunctive and 0 are conjunctive.
[t=0.004202s, 12520 KB] 1 edges
[t=0.004202s, 12520 KB] approx. reasonable orders
[t=0.004202s, 12520 KB] Landmarks generation time: 0.000000s
[t=0.004202s, 12520 KB] Discovered 2 landmarks, of which 0 are disjunctive and 0 are conjunctive.
[t=0.004202s, 12520 KB] 1 edges
[t=0.004202s, 12520 KB] Landmark graph generation time: 0.000000s
[t=0.004202s, 12520 KB] Landmark graph contains 2 landmarks, of which 0 are disjunctive and 0 are conjunctive.
[t=0.004202s, 12520 KB] Landmark graph contains 1 orderings.
[t=0.004202s, 12520 KB] Simplifying 366 unary operators... done! [101 unary operators]
[t=0.005201s, 12520 KB] time to simplify: 0.001000s
[t=0.005201s, 12520 KB] Initializing additive heuristic...
[t=0.005201s, 12520 KB] Initializing FF heuristic...
[t=0.005201s, 12520 KB] Building successor generator...done!
[t=0.005201s, 12520 KB] peak memory difference for successor generator creation: 0 KB
[t=0.005201s, 12520 KB] time for successor generation creation: 0.000000s
[t=0.005201s, 12520 KB] Variables: 27
[t=0.005201s, 12520 KB] FactPairs: 56
[t=0.005201s, 12520 KB] Bytes per state: 4
[t=0.005201s, 12520 KB] Conducting lazy best first search, (real) bound = 2147483647
[t=0.005201s, 12656 KB] New best heuristic value for landmark_sum_heuristic: 1
[t=0.005201s, 12656 KB] New best heuristic value for ff: 2
[t=0.005201s, 12656 KB] g=0, 1 evaluated, 0 expanded
[t=0.005201s, 12656 KB] Initial heuristic value for landmark_sum_heuristic: 1
[t=0.005201s, 12656 KB] Initial heuristic value for ff: 2
[t=0.005201s, 12656 KB] New best heuristic value for ff: 1
[t=0.005201s, 12656 KB] g=1, 6 evaluated, 5 expanded
[t=0.005201s, 12656 KB] Solution found!
[t=0.005201s, 12656 KB] Actual search time: 0.000000s
navigate rover0 waypoint0 waypoint1 (1)
fail_calibrate2 rover0 camera0 objective0 waypoint0 (1)
[t=0.005201s, 12656 KB] Plan length: 2 step(s).
[t=0.005201s, 12656 KB] Plan cost: 2
[t=0.005201s, 12656 KB] Expanded 6 state(s).
[t=0.005201s, 12656 KB] Reopened 0 state(s).
[t=0.005201s, 12656 KB] Evaluated 7 state(s).
[t=0.005201s, 12656 KB] Evaluations: 14
[t=0.005201s, 12656 KB] Generated 51 state(s).
[t=0.005201s, 12656 KB] Dead ends: 0 state(s).
[t=0.005201s, 12656 KB] Number of registered states: 7
[t=0.005201s, 12656 KB] Int hash set load factor: 7/8 = 0.875000
[t=0.005201s, 12656 KB] Int hash set resizes: 3
[t=0.005201s, 12656 KB] Search time: 0.000000s
[t=0.005201s, 12656 KB] Total time: 0.005201s
Solution found.
Peak memory: 12656 KB
Remove intermediate file output.sas
search exit code: 0

INFO     Planner time: 0.24s
