./fast-downward.sif --alias seq-opt-merge-and-shrink --overall-memory-limit 8G --overall-time-limit 60 --plan-file ./submissions/rover_example/marking/3/plan.p04.pddl ./submissions/rover_example/submissions/3/domain.pddl ./submissions/rover_example/submissions/3/p04.pddl
INFO     planner time limit: 60s
INFO     planner memory limit: 8192 MB

INFO     Running translator.
INFO     translator stdin: None
INFO     translator time limit: 59s
INFO     translator memory limit: 8192 MB
INFO     translator command line string: /usr/bin/python3 /workspace/downward/builds/release/bin/translate/translate.py submissions/rover_example/submissions/3/domain.pddl submissions/rover_example/submissions/3/p04.pddl --sas-file output.sas
Parsing...
Parsing: [0.010s CPU, 0.003s wall-clock]
Normalizing task... [0.000s CPU, 0.000s wall-clock]
Instantiating...
Generating Datalog program... [0.000s CPU, 0.000s wall-clock]
Normalizing Datalog program...
Normalizing Datalog program: [0.000s CPU, 0.003s wall-clock]
Preparing model... [0.000s CPU, 0.001s wall-clock]
Generated 90 rules.
Computing model... [0.000s CPU, 0.001s wall-clock]
173 relevant atoms
269 auxiliary atoms
442 final queue length
546 total queue pushes
Completing instantiation... [0.000s CPU, 0.001s wall-clock]
Instantiating: [0.000s CPU, 0.007s wall-clock]
Computing fact groups...
Finding invariants...
35 initial candidates
Finding invariants: [0.000s CPU, 0.002s wall-clock]
Checking invariant weight... [0.010s CPU, 0.000s wall-clock]
Instantiating groups... [0.000s CPU, 0.000s wall-clock]
Collecting mutex groups... [0.000s CPU, 0.000s wall-clock]
Choosing groups...
21 uncovered facts
Choosing groups: [0.000s CPU, 0.000s wall-clock]
Building translation key... [0.000s CPU, 0.000s wall-clock]
Computing fact groups: [0.010s CPU, 0.002s wall-clock]
Building STRIPS to SAS dictionary... [0.000s CPU, 0.000s wall-clock]
Building dictionary for full mutex groups... [0.000s CPU, 0.000s wall-clock]
Building mutex information...
Building mutex information: [0.000s CPU, 0.000s wall-clock]
Translating task...
Processing axioms...
Simplifying axioms... [0.000s CPU, 0.000s wall-clock]
Translator axioms removed by simplifying: 0
Processing axioms: [0.000s CPU, 0.000s wall-clock]
Translating task: [0.000s CPU, 0.001s wall-clock]
16 effect conditions simplified
0 implied preconditions added
Detecting unreachable propositions...
2 operators removed
0 axioms removed
13 propositions removed
Detecting unreachable propositions: [0.000s CPU, 0.001s wall-clock]
Reordering and filtering variables...
15 of 25 variables necessary.
0 of 8 mutex groups necessary.
40 of 61 operators necessary.
0 of 0 axiom rules necessary.
Reordering and filtering variables: [0.000s CPU, 0.000s wall-clock]
Translator variables: 15
Translator derived variables: 0
Translator facts: 30
Translator goal facts: 3
Translator mutex groups: 0
Translator total mutex groups size: 0
Translator operators: 40
Translator axioms: 0
Translator task size: 203
Translator peak memory: 32704 KB
Writing output... [0.000s CPU, 0.000s wall-clock]
Done! [0.020s CPU, 0.015s wall-clock]
translate exit code: 0

INFO     Running search (release).
INFO     search portfolio: /workspace/downward/driver/portfolios/seq_opt_merge_and_shrink.py
remaining time: 59.0
config 0: relative time 800, remaining time 1800, absolute time 26
args: [PosixPath('/workspace/downward/builds/release/bin/downward'), '--search', 'astar(merge_and_shrink(merge_strategy=merge_precomputed(merge_tree=linear(variable_order=reverse_level)),shrink_strategy=shrink_bisimulation(greedy=true),label_reduction=exact(before_shrinking=true,before_merging=false),max_states=infinity,threshold_before_merge=1))', '--internal-plan-file', PosixPath('submissions/rover_example/marking/3/plan.p04.pddl')]
INFO     search stdin: output.sas
INFO     search time limit: 26s
INFO     search memory limit: 8192 MB
INFO     search command line string: /workspace/downward/builds/release/bin/downward --search 'astar(merge_and_shrink(merge_strategy=merge_precomputed(merge_tree=linear(variable_order=reverse_level)),shrink_strategy=shrink_bisimulation(greedy=true),label_reduction=exact(before_shrinking=true,before_merging=false),max_states=infinity,threshold_before_merge=1))' --internal-plan-file submissions/rover_example/marking/3/plan.p04.pddl < output.sas
[t=0.001349s, 12124 KB] reading input...
[t=0.001724s, 12124 KB] done reading input!
[t=0.002983s, 12388 KB] Initializing merge-and-shrink heuristic...
[t=0.002983s, 12388 KB] Running merge-and-shrink algorithm...
[t=0.002983s, 12388 KB] Merge strategy options:
[t=0.002983s, 12388 KB] Type: precomputed
[t=0.002983s, 12388 KB] Merge tree options: 
[t=0.002983s, 12388 KB] Type: linear
[t=0.002983s, 12388 KB] Update option: use random
[t=0.002983s, 12388 KB] Variable order type: by reverse level

[t=0.002983s, 12388 KB] Options related to size limits and shrinking: 
[t=0.002983s, 12388 KB] Transition system size limit: 2147483647
[t=0.002983s, 12388 KB] Transition system size limit right before merge: 2147483647
[t=0.002983s, 12388 KB] Threshold to trigger shrinking right before merge: 1

[t=0.002983s, 12388 KB] Shrink strategy options: 
[t=0.002983s, 12388 KB] Type: bisimulation
[t=0.002983s, 12388 KB] Bisimulation type: greedy
[t=0.002983s, 12388 KB] At limit: return

[t=0.002983s, 12388 KB] Pruning unreachable states: yes
[t=0.002983s, 12388 KB] Pruning irrelevant states: yes

[t=0.002983s, 12388 KB] Label reduction options:
[t=0.002983s, 12388 KB] Before merging: disabled
[t=0.002983s, 12388 KB] Before shrinking: enabled
[t=0.002983s, 12388 KB] Method: all transition systems with fixpoint computation
[t=0.002983s, 12388 KB] System order: random

[t=0.002983s, 12388 KB] Main loop max time in seconds: inf


[t=0.002983s, 12388 KB] Building atomic transition systems... 
[t=0.004010s, 12388 KB] M&S algorithm timer: 0.001027s (after computation of atomic factors)

[t=0.004010s, 12388 KB] Starting main loop without a time limit.
[t=0.004010s, 12388 KB] building causal graph...done! [t=0.000000s]
[t=0.004010s, 12388 KB] Next pair of indices: (0, 1)
[t=0.004010s, 12388 KB] M&S algorithm main loop timer: 0.000000s (after computation of next merge)
[t=0.004010s, 12388 KB] M&S algorithm main loop timer: 0.000000s (after label reduction)
[t=0.004010s, 12388 KB] M&S algorithm main loop timer: 0.000000s (after shrinking)
[t=0.004010s, 12388 KB] M&S algorithm main loop timer: 0.000000s (after merging)

[t=0.004010s, 12388 KB] Next pair of indices: (15, 2)
[t=0.004010s, 12388 KB] M&S algorithm main loop timer: 0.000000s (after computation of next merge)
[t=0.004010s, 12388 KB] M&S algorithm main loop timer: 0.000000s (after label reduction)
[t=0.004010s, 12388 KB] M&S algorithm main loop timer: 0.000000s (after shrinking)
[t=0.004010s, 12388 KB] M&S algorithm main loop timer: 0.000000s (after merging)

[t=0.004010s, 12388 KB] Next pair of indices: (16, 3)
[t=0.004010s, 12388 KB] M&S algorithm main loop timer: 0.000000s (after computation of next merge)
[t=0.004941s, 12388 KB] M&S algorithm main loop timer: 0.000931s (after label reduction)
[t=0.004941s, 12388 KB] M&S algorithm main loop timer: 0.000931s (after shrinking)
[t=0.004941s, 12388 KB] M&S algorithm main loop timer: 0.000931s (after merging)

[t=0.004941s, 12388 KB] Next pair of indices: (17, 4)
[t=0.004941s, 12388 KB] M&S algorithm main loop timer: 0.000931s (after computation of next merge)
[t=0.004941s, 12388 KB] M&S algorithm main loop timer: 0.000931s (after label reduction)
[t=0.004941s, 12388 KB] M&S algorithm main loop timer: 0.000931s (after shrinking)
[t=0.004941s, 12388 KB] M&S algorithm main loop timer: 0.000931s (after merging)

[t=0.004941s, 12388 KB] Next pair of indices: (18, 5)
[t=0.004941s, 12388 KB] M&S algorithm main loop timer: 0.000931s (after computation of next merge)
[t=0.004941s, 12388 KB] M&S algorithm main loop timer: 0.000931s (after label reduction)
[t=0.004941s, 12388 KB] M&S algorithm main loop timer: 0.000931s (after merging)

[t=0.004941s, 12388 KB] Next pair of indices: (19, 6)
[t=0.004941s, 12388 KB] M&S algorithm main loop timer: 0.000931s (after computation of next merge)
[t=0.004941s, 12388 KB] M&S algorithm main loop timer: 0.000931s (after shrinking)
[t=0.004941s, 12388 KB] M&S algorithm main loop timer: 0.000931s (after merging)

[t=0.004941s, 12388 KB] Next pair of indices: (20, 7)
[t=0.004941s, 12388 KB] M&S algorithm main loop timer: 0.000931s (after computation of next merge)
[t=0.004941s, 12388 KB] M&S algorithm main loop timer: 0.000931s (after label reduction)
[t=0.004941s, 12388 KB] M&S algorithm main loop timer: 0.000931s (after shrinking)
[t=0.004941s, 12388 KB] M&S algorithm main loop timer: 0.000931s (after merging)

[t=0.004941s, 12388 KB] Next pair of indices: (21, 8)
[t=0.004941s, 12388 KB] M&S algorithm main loop timer: 0.000931s (after computation of next merge)
[t=0.004941s, 12388 KB] M&S algorithm main loop timer: 0.000931s (after label reduction)
[t=0.004941s, 12388 KB] M&S algorithm main loop timer: 0.000931s (after shrinking)
[t=0.004941s, 12388 KB] M&S algorithm main loop timer: 0.000931s (after merging)

[t=0.004941s, 12388 KB] Next pair of indices: (22, 9)
[t=0.004941s, 12388 KB] M&S algorithm main loop timer: 0.000931s (after computation of next merge)
[t=0.005941s, 12388 KB] M&S algorithm main loop timer: 0.001931s (after label reduction)
[t=0.005941s, 12388 KB] M&S algorithm main loop timer: 0.001931s (after shrinking)
[t=0.005941s, 12388 KB] M&S algorithm main loop timer: 0.001931s (after merging)

[t=0.005941s, 12388 KB] Next pair of indices: (23, 10)
[t=0.005941s, 12388 KB] M&S algorithm main loop timer: 0.001931s (after computation of next merge)
[t=0.005941s, 12388 KB] M&S algorithm main loop timer: 0.001931s (after label reduction)
[t=0.005941s, 12388 KB] M&S algorithm main loop timer: 0.001931s (after shrinking)
[t=0.005941s, 12388 KB] M&S algorithm main loop timer: 0.001931s (after merging)

[t=0.005941s, 12388 KB] Next pair of indices: (24, 11)
[t=0.005941s, 12388 KB] M&S algorithm main loop timer: 0.001931s (after computation of next merge)
[t=0.005941s, 12388 KB] M&S algorithm main loop timer: 0.001931s (after label reduction)
[t=0.005941s, 12388 KB] M&S algorithm main loop timer: 0.001931s (after shrinking)
[t=0.005941s, 12388 KB] M&S algorithm main loop timer: 0.001931s (after merging)

[t=0.005941s, 12388 KB] Next pair of indices: (25, 12)
[t=0.005941s, 12388 KB] M&S algorithm main loop timer: 0.001931s (after computation of next merge)
[t=0.005941s, 12388 KB] M&S algorithm main loop timer: 0.001931s (after label reduction)
[t=0.005941s, 12388 KB] M&S algorithm main loop timer: 0.001931s (after shrinking)
[t=0.005941s, 12388 KB] M&S algorithm main loop timer: 0.001931s (after merging)

[t=0.005941s, 12388 KB] Next pair of indices: (26, 13)
[t=0.005941s, 12388 KB] M&S algorithm main loop timer: 0.001931s (after computation of next merge)
[t=0.005941s, 12388 KB] M&S algorithm main loop timer: 0.001931s (after label reduction)
[t=0.005941s, 12388 KB] M&S algorithm main loop timer: 0.001931s (after merging)

[t=0.005941s, 12388 KB] Next pair of indices: (27, 14)
[t=0.005941s, 12388 KB] M&S algorithm main loop timer: 0.001931s (after computation of next merge)
[t=0.005941s, 12388 KB] M&S algorithm main loop timer: 0.001931s (after label reduction)
[t=0.005941s, 12388 KB] M&S algorithm main loop timer: 0.001931s (after shrinking)
[t=0.005941s, 12388 KB] M&S algorithm main loop timer: 0.001931s (after merging)

[t=0.005941s, 12388 KB] End of merge-and-shrink algorithm, statistics:
[t=0.005941s, 12388 KB] Main loop runtime: 0.001931s
[t=0.005941s, 12388 KB] Maximum intermediate abstraction size: 6
[t=0.005941s, 12388 KB] Final peak memory increase of merge-and-shrink algorithm: 0 KB
[t=0.005941s, 12388 KB] Merge-and-shrink algorithm runtime: 0.002958s

[t=0.005941s, 12388 KB] Number of remaining factors: 1
[t=0.005941s, 12388 KB] Number of factors kept: 1
[t=0.005941s, 12388 KB] Done initializing merge-and-shrink heuristic.

[t=0.005941s, 12388 KB] Building successor generator...done!
[t=0.005941s, 12388 KB] peak memory difference for successor generator creation: 0 KB
[t=0.005941s, 12388 KB] time for successor generation creation: 0.000000s
[t=0.005941s, 12388 KB] Variables: 15
[t=0.005941s, 12388 KB] FactPairs: 30
[t=0.005941s, 12388 KB] Bytes per state: 4
[t=0.005941s, 12388 KB] Conducting best first search with reopening closed nodes, (real) bound = 2147483647
[t=0.005941s, 12388 KB] New best heuristic value for merge_and_shrink: 3
[t=0.006941s, 12388 KB] g=0, 1 evaluated, 0 expanded
[t=0.006941s, 12388 KB] f = 3, 1 evaluated, 0 expanded
[t=0.006941s, 12524 KB] Initial heuristic value for merge_and_shrink: 3
[t=0.006941s, 12524 KB] pruning method: none
[t=0.006941s, 12524 KB] f = 4, 6 evaluated, 1 expanded
[t=0.006941s, 12524 KB] New best heuristic value for merge_and_shrink: 2
[t=0.006941s, 12524 KB] g=2, 20 evaluated, 5 expanded
[t=0.006941s, 12524 KB] f = 5, 26 evaluated, 7 expanded
[t=0.006941s, 12524 KB] f = 6, 73 evaluated, 27 expanded
[t=0.006941s, 12524 KB] New best heuristic value for merge_and_shrink: 1
[t=0.006941s, 12524 KB] g=5, 81 evaluated, 30 expanded
[t=0.006941s, 12524 KB] f = 7, 166 evaluated, 75 expanded
[t=0.006941s, 12524 KB] f = 8, 314 evaluated, 166 expanded
[t=0.007941s, 12524 KB] f = 9, 530 evaluated, 316 expanded
[t=0.007941s, 12524 KB] f = 10, 805 evaluated, 530 expanded
[t=0.007941s, 12524 KB] New best heuristic value for merge_and_shrink: 0
[t=0.007941s, 12524 KB] g=10, 829 evaluated, 547 expanded
[t=0.007941s, 12524 KB] Solution found!
[t=0.007941s, 12524 KB] Actual search time: 0.001000s
sample_rock rover0 rover0store waypoint3 (1)
communicate_rock_data rover0 general waypoint3 waypoint3 waypoint0 (1)
calibrate rover0 camera0 objective1 waypoint3 (1)
take_image rover0 waypoint3 objective1 camera0 high_res (1)
communicate_image_data rover0 general objective1 high_res waypoint3 waypoint0 (1)
navigate rover0 waypoint3 waypoint1 (1)
navigate rover0 waypoint1 waypoint2 (1)
drop rover0 rover0store (1)
sample_soil rover0 rover0store waypoint2 (1)
communicate_soil_data rover0 general waypoint2 waypoint1 waypoint0 (1)
[t=0.007941s, 12524 KB] Plan length: 10 step(s).
[t=0.007941s, 12524 KB] Plan cost: 10
[t=0.007941s, 12524 KB] Expanded 548 state(s).
[t=0.007941s, 12524 KB] Reopened 0 state(s).
[t=0.007941s, 12524 KB] Evaluated 830 state(s).
[t=0.007941s, 12524 KB] Evaluations: 830
[t=0.007941s, 12524 KB] Generated 7361 state(s).
[t=0.007941s, 12524 KB] Dead ends: 0 state(s).
[t=0.007941s, 12524 KB] Expanded until last jump: 530 state(s).
[t=0.007941s, 12524 KB] Reopened until last jump: 0 state(s).
[t=0.007941s, 12524 KB] Evaluated until last jump: 805 state(s).
[t=0.007941s, 12524 KB] Generated until last jump: 7090 state(s).
[t=0.007941s, 12524 KB] Number of registered states: 830
[t=0.007941s, 12524 KB] Int hash set load factor: 830/1024 = 0.810547
[t=0.007941s, 12524 KB] Int hash set resizes: 10
[t=0.007941s, 12524 KB] Search time: 0.002000s
[t=0.007941s, 12524 KB] Total time: 0.007941s
Solution found.
Peak memory: 12524 KB
exitcode: 0

Exit codes: [0]
Remove intermediate file output.sas
search exit code: 0

INFO     Planner time: 0.17s
