./fast-downward.sif --alias lama-first --overall-memory-limit 8G --overall-time-limit 60 --plan-file ./submissions/rover_example/marking/3/plan.p02.pddl ./submissions/rover_example/submissions/3/domain.pddl ./submissions/rover_example/submissions/3/p02.pddl
INFO     planner time limit: 60s
INFO     planner memory limit: 8192 MB

INFO     Running translator.
INFO     translator stdin: None
INFO     translator time limit: 59s
INFO     translator memory limit: 8192 MB
INFO     translator command line string: /usr/bin/python3 /workspace/downward/builds/release/bin/translate/translate.py submissions/rover_example/submissions/3/domain.pddl submissions/rover_example/submissions/3/p02.pddl --sas-file output.sas
Parsing...
Parsing: [0.000s CPU, 0.002s wall-clock]
Normalizing task... [0.000s CPU, 0.000s wall-clock]
Instantiating...
Generating Datalog program... [0.000s CPU, 0.000s wall-clock]
Normalizing Datalog program...
Normalizing Datalog program: [0.000s CPU, 0.003s wall-clock]
Preparing model... [0.010s CPU, 0.001s wall-clock]
Generated 90 rules.
Computing model... [0.000s CPU, 0.001s wall-clock]
159 relevant atoms
224 auxiliary atoms
383 final queue length
464 total queue pushes
Completing instantiation... [0.000s CPU, 0.001s wall-clock]
Instantiating: [0.010s CPU, 0.007s wall-clock]
Computing fact groups...
Finding invariants...
35 initial candidates
Finding invariants: [0.000s CPU, 0.002s wall-clock]
Checking invariant weight... [0.000s CPU, 0.000s wall-clock]
Instantiating groups... [0.000s CPU, 0.000s wall-clock]
Collecting mutex groups... [0.000s CPU, 0.000s wall-clock]
Choosing groups...
22 uncovered facts
Choosing groups: [0.000s CPU, 0.000s wall-clock]
Building translation key... [0.000s CPU, 0.000s wall-clock]
Computing fact groups: [0.000s CPU, 0.002s wall-clock]
Building STRIPS to SAS dictionary... [0.000s CPU, 0.000s wall-clock]
Building dictionary for full mutex groups... [0.000s CPU, 0.000s wall-clock]
Building mutex information...
Building mutex information: [0.000s CPU, 0.000s wall-clock]
Translating task...
Processing axioms...
Simplifying axioms... [0.000s CPU, 0.000s wall-clock]
Translator axioms removed by simplifying: 0
Processing axioms: [0.000s CPU, 0.000s wall-clock]
Translating task: [0.000s CPU, 0.001s wall-clock]
16 effect conditions simplified
0 implied preconditions added
Detecting unreachable propositions...
3 operators removed
0 axioms removed
9 propositions removed
Detecting unreachable propositions: [0.000s CPU, 0.001s wall-clock]
Reordering and filtering variables...
11 of 22 variables necessary.
0 of 4 mutex groups necessary.
28 of 50 operators necessary.
0 of 0 axiom rules necessary.
Reordering and filtering variables: [0.000s CPU, 0.000s wall-clock]
Translator variables: 11
Translator derived variables: 0
Translator facts: 22
Translator goal facts: 3
Translator mutex groups: 0
Translator total mutex groups size: 0
Translator operators: 28
Translator axioms: 0
Translator task size: 135
Translator peak memory: 32704 KB
Writing output... [0.000s CPU, 0.000s wall-clock]
Done! [0.010s CPU, 0.014s wall-clock]
translate exit code: 0

INFO     Running search (release).
INFO     search stdin: output.sas
INFO     search time limit: 59s
INFO     search memory limit: 8192 MB
INFO     search command line string: /workspace/downward/builds/release/bin/downward --search 'let(hlm,landmark_sum(lm_factory=lm_reasonable_orders_hps(lm_rhw()),transform=adapt_costs(one),pref=false),let(hff,ff(transform=adapt_costs(one)),lazy_greedy([hff,hlm],preferred=[hff,hlm],cost_type=one,reopen_closed=false)))' --internal-plan-file submissions/rover_example/marking/3/plan.p02.pddl < output.sas
[t=0.000845s, 12124 KB] reading input...
[t=0.001165s, 12124 KB] done reading input!
[t=0.002417s, 12388 KB] Initializing landmark sum heuristic...
[t=0.002417s, 12388 KB] Generating landmark graph...
[t=0.002417s, 12388 KB] Building a landmark graph with reasonable orders.
[t=0.002417s, 12388 KB] Initializing Exploration...
[t=0.002417s, 12388 KB] Generating landmarks using the RPG/SAS+ approach
[t=0.002417s, 12388 KB] Landmarks generation time: 0.000000s
[t=0.002417s, 12388 KB] Discovered 15 landmarks, of which 0 are disjunctive and 0 are conjunctive.
[t=0.002417s, 12388 KB] 14 edges
[t=0.002417s, 12388 KB] approx. reasonable orders
[t=0.002417s, 12388 KB] Landmarks generation time: 0.000000s
[t=0.002417s, 12388 KB] Discovered 15 landmarks, of which 0 are disjunctive and 0 are conjunctive.
[t=0.002417s, 12388 KB] 14 edges
[t=0.002417s, 12388 KB] Landmark graph generation time: 0.000000s
[t=0.002417s, 12388 KB] Landmark graph contains 15 landmarks, of which 0 are disjunctive and 0 are conjunctive.
[t=0.002417s, 12388 KB] Landmark graph contains 14 orderings.
[t=0.002417s, 12388 KB] Simplifying 33 unary operators... done! [14 unary operators]
[t=0.002417s, 12388 KB] time to simplify: 0.000000s
[t=0.002417s, 12388 KB] Initializing additive heuristic...
[t=0.002417s, 12388 KB] Initializing FF heuristic...
[t=0.002417s, 12388 KB] Building successor generator...done!
[t=0.003389s, 12388 KB] peak memory difference for successor generator creation: 0 KB
[t=0.003389s, 12388 KB] time for successor generation creation: 0.000000s
[t=0.003389s, 12388 KB] Variables: 11
[t=0.003389s, 12388 KB] FactPairs: 22
[t=0.003389s, 12388 KB] Bytes per state: 4
[t=0.003389s, 12388 KB] Conducting lazy best first search, (real) bound = 2147483647
[t=0.003389s, 12524 KB] New best heuristic value for landmark_sum_heuristic: 7
[t=0.003389s, 12524 KB] New best heuristic value for ff: 7
[t=0.003389s, 12524 KB] g=0, 1 evaluated, 0 expanded
[t=0.003389s, 12524 KB] Initial heuristic value for landmark_sum_heuristic: 7
[t=0.003389s, 12524 KB] Initial heuristic value for ff: 7
[t=0.003389s, 12524 KB] New best heuristic value for landmark_sum_heuristic: 6
[t=0.003389s, 12524 KB] New best heuristic value for ff: 6
[t=0.003389s, 12524 KB] g=1, 2 evaluated, 1 expanded
[t=0.003389s, 12524 KB] New best heuristic value for landmark_sum_heuristic: 5
[t=0.003389s, 12524 KB] New best heuristic value for ff: 5
[t=0.003389s, 12524 KB] g=2, 5 evaluated, 4 expanded
[t=0.003389s, 12524 KB] New best heuristic value for landmark_sum_heuristic: 4
[t=0.003389s, 12524 KB] New best heuristic value for ff: 4
[t=0.003389s, 12524 KB] g=3, 8 evaluated, 7 expanded
[t=0.003389s, 12524 KB] New best heuristic value for landmark_sum_heuristic: 3
[t=0.003389s, 12524 KB] New best heuristic value for ff: 3
[t=0.003389s, 12524 KB] g=5, 11 evaluated, 10 expanded
[t=0.003389s, 12524 KB] New best heuristic value for landmark_sum_heuristic: 2
[t=0.003389s, 12524 KB] New best heuristic value for ff: 2
[t=0.003389s, 12524 KB] g=6, 12 evaluated, 11 expanded
[t=0.003389s, 12524 KB] New best heuristic value for landmark_sum_heuristic: 1
[t=0.003389s, 12524 KB] New best heuristic value for ff: 1
[t=0.003389s, 12524 KB] g=7, 13 evaluated, 12 expanded
[t=0.003389s, 12524 KB] Solution found!
[t=0.003389s, 12524 KB] Actual search time: 0.000000s
calibrate rover0 camera0 objective0 waypoint0 (1)
take_image rover0 waypoint0 objective1 camera0 low_res (1)
communicate_image_data rover0 general objective1 low_res waypoint0 waypoint1 (1)
sample_rock rover0 rover0store waypoint0 (1)
communicate_rock_data rover0 general waypoint0 waypoint0 waypoint1 (1)
drop rover0 rover0store (1)
sample_soil rover0 rover0store waypoint0 (1)
communicate_soil_data rover0 general waypoint0 waypoint0 waypoint1 (1)
[t=0.003389s, 12524 KB] Plan length: 8 step(s).
[t=0.003389s, 12524 KB] Plan cost: 8
[t=0.003389s, 12524 KB] Expanded 13 state(s).
[t=0.003389s, 12524 KB] Reopened 0 state(s).
[t=0.003389s, 12524 KB] Evaluated 14 state(s).
[t=0.003389s, 12524 KB] Evaluations: 28
[t=0.003389s, 12524 KB] Generated 106 state(s).
[t=0.003389s, 12524 KB] Dead ends: 0 state(s).
[t=0.003389s, 12524 KB] Number of registered states: 14
[t=0.003389s, 12524 KB] Int hash set load factor: 14/16 = 0.875000
[t=0.003389s, 12524 KB] Int hash set resizes: 4
[t=0.003389s, 12524 KB] Search time: 0.000000s
[t=0.003389s, 12524 KB] Total time: 0.003389s
Solution found.
Peak memory: 12524 KB
Remove intermediate file output.sas
search exit code: 0

INFO     Planner time: 0.16s
