./fast-downward.sif --alias lama-first --overall-memory-limit 8G --overall-time-limit 60 --plan-file ./submissions/rover_example/marking/3/plan.p01.pddl.merged ./submissions/rover_example/marking/3/domain.pddl ./submissions/rover_example/marking/3/p01.pddl
INFO     planner time limit: 60s
INFO     planner memory limit: 8192 MB

INFO     Running translator.
INFO     translator stdin: None
INFO     translator time limit: 59s
INFO     translator memory limit: 8192 MB
INFO     translator command line string: /usr/bin/python3 /workspace/downward/builds/release/bin/translate/translate.py submissions/rover_example/marking/3/domain.pddl submissions/rover_example/marking/3/p01.pddl --sas-file output.sas
Parsing...
Parsing: [0.010s CPU, 0.006s wall-clock]
Normalizing task... [0.000s CPU, 0.001s wall-clock]
Instantiating...
Generating Datalog program... [0.000s CPU, 0.001s wall-clock]
Normalizing Datalog program...
Normalizing Datalog program: [0.020s CPU, 0.023s wall-clock]
Preparing model... [0.010s CPU, 0.007s wall-clock]
Generated 1014 rules.
Computing model... [0.020s CPU, 0.016s wall-clock]
948 relevant atoms
3439 auxiliary atoms
4387 final queue length
5298 total queue pushes
Completing instantiation... [0.020s CPU, 0.008s wall-clock]
Instantiating: [0.070s CPU, 0.056s wall-clock]
Computing fact groups...
Finding invariants...
71 initial candidates
Finding invariants: [0.000s CPU, 0.008s wall-clock]
Checking invariant weight... [0.000s CPU, 0.000s wall-clock]
Instantiating groups... [0.000s CPU, 0.000s wall-clock]
Collecting mutex groups... [0.000s CPU, 0.000s wall-clock]
Choosing groups...
39 uncovered facts
Choosing groups: [0.000s CPU, 0.000s wall-clock]
Building translation key... [0.000s CPU, 0.000s wall-clock]
Computing fact groups: [0.000s CPU, 0.009s wall-clock]
Building STRIPS to SAS dictionary... [0.000s CPU, 0.000s wall-clock]
Building dictionary for full mutex groups... [0.000s CPU, 0.000s wall-clock]
Building mutex information...
Building mutex information: [0.000s CPU, 0.000s wall-clock]
Translating task...
Processing axioms...
Simplifying axioms... [0.000s CPU, 0.000s wall-clock]
Translator axioms removed by simplifying: 0
Processing axioms: [0.000s CPU, 0.001s wall-clock]
Translating task: [0.020s CPU, 0.013s wall-clock]
32 effect conditions simplified
0 implied preconditions added
Detecting unreachable propositions...
275 operators removed
0 axioms removed
25 propositions removed
Detecting unreachable propositions: [0.000s CPU, 0.005s wall-clock]
Reordering and filtering variables...
29 of 49 variables necessary.
16 of 33 mutex groups necessary.
380 of 410 operators necessary.
0 of 0 axiom rules necessary.
Reordering and filtering variables: [0.000s CPU, 0.001s wall-clock]
Translator variables: 29
Translator derived variables: 0
Translator facts: 60
Translator goal facts: 1
Translator mutex groups: 16
Translator total mutex groups size: 32
Translator operators: 380
Translator axioms: 0
Translator task size: 2043
Translator peak memory: 36804 KB
Writing output... [0.010s CPU, 0.002s wall-clock]
Done! [0.110s CPU, 0.095s wall-clock]
translate exit code: 0

INFO     Running search (release).
INFO     search stdin: output.sas
INFO     search time limit: 59s
INFO     search memory limit: 8192 MB
INFO     search command line string: /workspace/downward/builds/release/bin/downward --search 'let(hlm,landmark_sum(lm_factory=lm_reasonable_orders_hps(lm_rhw()),transform=adapt_costs(one),pref=false),let(hff,ff(transform=adapt_costs(one)),lazy_greedy([hff,hlm],preferred=[hff,hlm],cost_type=one,reopen_closed=false)))' --internal-plan-file submissions/rover_example/marking/3/plan.p01.pddl.merged < output.sas
[t=0.001374s, 12124 KB] reading input...
[t=0.003162s, 12256 KB] done reading input!
[t=0.004513s, 12520 KB] Initializing landmark sum heuristic...
[t=0.004513s, 12520 KB] Generating landmark graph...
[t=0.004513s, 12520 KB] Building a landmark graph with reasonable orders.
[t=0.004513s, 12520 KB] Initializing Exploration...
[t=0.004513s, 12520 KB] Generating landmarks using the RPG/SAS+ approach
[t=0.005514s, 12520 KB] Landmarks generation time: 0.001000s
[t=0.005514s, 12520 KB] Discovered 2 landmarks, of which 0 are disjunctive and 0 are conjunctive.
[t=0.005514s, 12520 KB] 1 edges
[t=0.005514s, 12520 KB] approx. reasonable orders
[t=0.005514s, 12520 KB] Landmarks generation time: 0.001000s
[t=0.005514s, 12520 KB] Discovered 2 landmarks, of which 0 are disjunctive and 0 are conjunctive.
[t=0.005514s, 12520 KB] 1 edges
[t=0.005514s, 12520 KB] Landmark graph generation time: 0.001000s
[t=0.005514s, 12520 KB] Landmark graph contains 2 landmarks, of which 0 are disjunctive and 0 are conjunctive.
[t=0.005514s, 12520 KB] Landmark graph contains 1 orderings.
[t=0.005514s, 12520 KB] Simplifying 455 unary operators... done! [120 unary operators]
[t=0.005514s, 12520 KB] time to simplify: 0.000000s
[t=0.005514s, 12520 KB] Initializing additive heuristic...
[t=0.005514s, 12520 KB] Initializing FF heuristic...
[t=0.005514s, 12520 KB] Building successor generator...done!
[t=0.005514s, 12520 KB] peak memory difference for successor generator creation: 0 KB
[t=0.005514s, 12520 KB] time for successor generation creation: 0.000000s
[t=0.005514s, 12520 KB] Variables: 29
[t=0.005514s, 12520 KB] FactPairs: 60
[t=0.005514s, 12520 KB] Bytes per state: 4
[t=0.006514s, 12520 KB] Conducting lazy best first search, (real) bound = 2147483647
[t=0.006514s, 12648 KB] New best heuristic value for landmark_sum_heuristic: 1
[t=0.006514s, 12648 KB] New best heuristic value for ff: 2
[t=0.006514s, 12648 KB] g=0, 1 evaluated, 0 expanded
[t=0.006514s, 12648 KB] Initial heuristic value for landmark_sum_heuristic: 1
[t=0.006514s, 12648 KB] Initial heuristic value for ff: 2
[t=0.006514s, 12648 KB] New best heuristic value for ff: 1
[t=0.006514s, 12648 KB] g=1, 4 evaluated, 3 expanded
[t=0.006514s, 12648 KB] Solution found!
[t=0.006514s, 12648 KB] Actual search time: 0.000000s
navigate rover0 waypoint3 waypoint0 (1)
fail_calibrate2 rover0 camera0 objective1 waypoint3 (1)
[t=0.006514s, 12648 KB] Plan length: 2 step(s).
[t=0.006514s, 12648 KB] Plan cost: 2
[t=0.006514s, 12648 KB] Expanded 4 state(s).
[t=0.006514s, 12648 KB] Reopened 0 state(s).
[t=0.006514s, 12648 KB] Evaluated 5 state(s).
[t=0.006514s, 12648 KB] Evaluations: 10
[t=0.006514s, 12648 KB] Generated 26 state(s).
[t=0.006514s, 12648 KB] Dead ends: 0 state(s).
[t=0.006514s, 12648 KB] Number of registered states: 5
[t=0.006514s, 12648 KB] Int hash set load factor: 5/8 = 0.625000
[t=0.006514s, 12648 KB] Int hash set resizes: 3
[t=0.006514s, 12648 KB] Search time: 0.000000s
[t=0.006514s, 12648 KB] Total time: 0.006514s
Solution found.
Peak memory: 12648 KB
Remove intermediate file output.sas
search exit code: 0

INFO     Planner time: 0.25s
