./fast-downward.sif --alias lama-first --overall-memory-limit 8G --overall-time-limit 60 --plan-file ./submissions/rover_example/marking/4/plan.p02.pddl.merged ./submissions/rover_example/marking/4/domain.pddl ./submissions/rover_example/marking/4/p02.pddl
INFO     planner time limit: 60s
INFO     planner memory limit: 8192 MB

INFO     Running translator.
INFO     translator stdin: None
INFO     translator time limit: 59s
INFO     translator memory limit: 8192 MB
INFO     translator command line string: /usr/bin/python3 /workspace/downward/builds/release/bin/translate/translate.py submissions/rover_example/marking/4/domain.pddl submissions/rover_example/marking/4/p02.pddl --sas-file output.sas
Parsing...
Parsing: [0.010s CPU, 0.006s wall-clock]
Normalizing task... [0.000s CPU, 0.001s wall-clock]
Instantiating...
Generating Datalog program... [0.000s CPU, 0.001s wall-clock]
Normalizing Datalog program...
Normalizing Datalog program: [0.020s CPU, 0.023s wall-clock]
Preparing model... [0.010s CPU, 0.007s wall-clock]
Generated 1014 rules.
Computing model... [0.010s CPU, 0.014s wall-clock]
815 relevant atoms
2858 auxiliary atoms
3673 final queue length
4426 total queue pushes
Completing instantiation... [0.010s CPU, 0.006s wall-clock]
Instantiating: [0.050s CPU, 0.052s wall-clock]
Computing fact groups...
Finding invariants...
71 initial candidates
Finding invariants: [0.010s CPU, 0.008s wall-clock]
Checking invariant weight... [0.000s CPU, 0.000s wall-clock]
Instantiating groups... [0.000s CPU, 0.000s wall-clock]
Collecting mutex groups... [0.000s CPU, 0.000s wall-clock]
Choosing groups...
37 uncovered facts
Choosing groups: [0.000s CPU, 0.000s wall-clock]
Building translation key... [0.000s CPU, 0.000s wall-clock]
Computing fact groups: [0.010s CPU, 0.009s wall-clock]
Building STRIPS to SAS dictionary... [0.000s CPU, 0.000s wall-clock]
Building dictionary for full mutex groups... [0.000s CPU, 0.000s wall-clock]
Building mutex information...
Building mutex information: [0.000s CPU, 0.000s wall-clock]
Translating task...
Processing axioms...
Simplifying axioms... [0.000s CPU, 0.000s wall-clock]
Translator axioms removed by simplifying: 0
Processing axioms: [0.000s CPU, 0.000s wall-clock]
Translating task: [0.010s CPU, 0.012s wall-clock]
32 effect conditions simplified
0 implied preconditions added
Detecting unreachable propositions...
234 operators removed
0 axioms removed
16 propositions removed
Detecting unreachable propositions: [0.000s CPU, 0.005s wall-clock]
Reordering and filtering variables...
25 of 41 variables necessary.
8 of 18 mutex groups necessary.
431 of 455 operators necessary.
0 of 0 axiom rules necessary.
Reordering and filtering variables: [0.010s CPU, 0.001s wall-clock]
Translator variables: 25
Translator derived variables: 0
Translator facts: 54
Translator goal facts: 1
Translator mutex groups: 8
Translator total mutex groups size: 16
Translator operators: 431
Translator axioms: 0
Translator task size: 2285
Translator peak memory: 36804 KB
Writing output... [0.000s CPU, 0.002s wall-clock]
Done! [0.090s CPU, 0.089s wall-clock]
translate exit code: 0

INFO     Running search (release).
INFO     search stdin: output.sas
INFO     search time limit: 59s
INFO     search memory limit: 8192 MB
INFO     search command line string: /workspace/downward/builds/release/bin/downward --search 'let(hlm,landmark_sum(lm_factory=lm_reasonable_orders_hps(lm_rhw()),transform=adapt_costs(one),pref=false),let(hff,ff(transform=adapt_costs(one)),lazy_greedy([hff,hlm],preferred=[hff,hlm],cost_type=one,reopen_closed=false)))' --internal-plan-file submissions/rover_example/marking/4/plan.p02.pddl.merged < output.sas
[t=0.001169s, 12124 KB] reading input...
[t=0.003141s, 12256 KB] done reading input!
[t=0.004460s, 12520 KB] Initializing landmark sum heuristic...
[t=0.004460s, 12520 KB] Generating landmark graph...
[t=0.004460s, 12520 KB] Building a landmark graph with reasonable orders.
[t=0.004460s, 12520 KB] Initializing Exploration...
[t=0.004460s, 12520 KB] Generating landmarks using the RPG/SAS+ approach
[t=0.005371s, 12520 KB] Landmarks generation time: 0.000911s
[t=0.005371s, 12520 KB] Discovered 2 landmarks, of which 0 are disjunctive and 0 are conjunctive.
[t=0.005371s, 12520 KB] 1 edges
[t=0.005371s, 12520 KB] approx. reasonable orders
[t=0.005371s, 12520 KB] Landmarks generation time: 0.000911s
[t=0.005371s, 12520 KB] Discovered 2 landmarks, of which 0 are disjunctive and 0 are conjunctive.
[t=0.005371s, 12520 KB] 1 edges
[t=0.005371s, 12520 KB] Landmark graph generation time: 0.000911s
[t=0.005371s, 12520 KB] Landmark graph contains 2 landmarks, of which 0 are disjunctive and 0 are conjunctive.
[t=0.005371s, 12520 KB] Landmark graph contains 1 orderings.
[t=0.005371s, 12520 KB] Simplifying 496 unary operators... done! [152 unary operators]
[t=0.005371s, 12520 KB] time to simplify: 0.000000s
[t=0.005371s, 12520 KB] Initializing additive heuristic...
[t=0.005371s, 12520 KB] Initializing FF heuristic...
[t=0.005371s, 12520 KB] Building successor generator...done!
[t=0.006371s, 12652 KB] peak memory difference for successor generator creation: 132 KB
[t=0.006371s, 12652 KB] time for successor generation creation: 0.001000s
[t=0.006371s, 12652 KB] Variables: 25
[t=0.006371s, 12652 KB] FactPairs: 54
[t=0.006371s, 12652 KB] Bytes per state: 4
[t=0.006371s, 12652 KB] Conducting lazy best first search, (real) bound = 2147483647
[t=0.006371s, 12652 KB] New best heuristic value for landmark_sum_heuristic: 1
[t=0.006371s, 12652 KB] New best heuristic value for ff: 2
[t=0.006371s, 12652 KB] g=0, 1 evaluated, 0 expanded
[t=0.006371s, 12652 KB] Initial heuristic value for landmark_sum_heuristic: 1
[t=0.006371s, 12652 KB] Initial heuristic value for ff: 2
[t=0.051370s, 12912 KB] Completely explored state space -- no solution!
[t=0.051370s, 12912 KB] Actual search time: 0.044999s
[t=0.051370s, 12912 KB] Expanded 7168 state(s).
[t=0.051370s, 12912 KB] Reopened 0 state(s).
[t=0.051370s, 12912 KB] Evaluated 7168 state(s).
[t=0.051370s, 12912 KB] Evaluations: 14336
[t=0.051370s, 12912 KB] Generated 36352 state(s).
[t=0.051370s, 12912 KB] Dead ends: 0 state(s).
[t=0.051370s, 12912 KB] Number of registered states: 7168
[t=0.051370s, 12912 KB] Int hash set load factor: 7168/8192 = 0.875000
[t=0.051370s, 12912 KB] Int hash set resizes: 13
[t=0.051370s, 12912 KB] Search time: 0.044999s
[t=0.051370s, 12912 KB] Total time: 0.051370s
Search stopped without finding a solution.
Peak memory: 12912 KB
Remove intermediate file output.sas
search exit code: 12

Driver aborting after search
INFO     Planner time: 0.29s
