./fast-downward.sif --alias lama-first --overall-memory-limit 8G --overall-time-limit 60 --plan-file data/example_2/marking/4/plan.p03.pddl data/example_2/submissions/4/domain.pddl data/example_2/submissions/4/p03.pddl
INFO     planner time limit: 60s
INFO     planner memory limit: 8192 MB

INFO     Running translator.
INFO     translator stdin: None
INFO     translator time limit: 59s
INFO     translator memory limit: 8192 MB
INFO     translator command line string: /usr/bin/python3 /workspace/downward/builds/release/bin/translate/translate.py data/example_2/submissions/4/domain.pddl data/example_2/submissions/4/p03.pddl --sas-file output.sas
Parsing...
Parsing: [0.000s CPU, 0.003s wall-clock]
Normalizing task... [0.000s CPU, 0.000s wall-clock]
Instantiating...
Generating Datalog program... [0.000s CPU, 0.000s wall-clock]
Normalizing Datalog program...
Normalizing Datalog program: [0.000s CPU, 0.004s wall-clock]
Preparing model... [0.000s CPU, 0.001s wall-clock]
Generated 90 rules.
Computing model... [0.010s CPU, 0.002s wall-clock]
212 relevant atoms
362 auxiliary atoms
574 final queue length
699 total queue pushes
Completing instantiation... [0.000s CPU, 0.001s wall-clock]
Instantiating: [0.010s CPU, 0.008s wall-clock]
Computing fact groups...
Finding invariants...
35 initial candidates
Finding invariants: [0.000s CPU, 0.002s wall-clock]
Checking invariant weight... [0.000s CPU, 0.000s wall-clock]
Instantiating groups... [0.000s CPU, 0.000s wall-clock]
Collecting mutex groups... [0.000s CPU, 0.000s wall-clock]
Choosing groups...
23 uncovered facts
Choosing groups: [0.000s CPU, 0.000s wall-clock]
Building translation key... [0.000s CPU, 0.000s wall-clock]
Computing fact groups: [0.000s CPU, 0.002s wall-clock]
Building STRIPS to SAS dictionary... [0.000s CPU, 0.000s wall-clock]
Building dictionary for full mutex groups... [0.000s CPU, 0.000s wall-clock]
Building mutex information...
Building mutex information: [0.000s CPU, 0.000s wall-clock]
Translating task...
Processing axioms...
Simplifying axioms... [0.000s CPU, 0.000s wall-clock]
Translator axioms removed by simplifying: 0
Processing axioms: [0.000s CPU, 0.000s wall-clock]
Translating task: [0.000s CPU, 0.001s wall-clock]
16 effect conditions simplified
0 implied preconditions added
Detecting unreachable propositions...
0 operators removed
0 axioms removed
14 propositions removed
Detecting unreachable propositions: [0.000s CPU, 0.001s wall-clock]
Reordering and filtering variables...
13 of 28 variables necessary.
0 of 8 mutex groups necessary.
43 of 76 operators necessary.
0 of 0 axiom rules necessary.
Reordering and filtering variables: [0.000s CPU, 0.000s wall-clock]
Translator variables: 13
Translator derived variables: 0
Translator facts: 31
Translator goal facts: 3
Translator mutex groups: 0
Translator total mutex groups size: 0
Translator operators: 43
Translator axioms: 0
Translator task size: 219
Translator peak memory: 32720 KB
Writing output... [0.000s CPU, 0.000s wall-clock]
Done! [0.010s CPU, 0.016s wall-clock]
translate exit code: 0

INFO     Running search (release).
INFO     search stdin: output.sas
INFO     search time limit: 59s
INFO     search memory limit: 8192 MB
INFO     search command line string: /workspace/downward/builds/release/bin/downward --search 'let(hlm,landmark_sum(lm_factory=lm_reasonable_orders_hps(lm_rhw()),transform=adapt_costs(one),pref=false),let(hff,ff(transform=adapt_costs(one)),lazy_greedy([hff,hlm],preferred=[hff,hlm],cost_type=one,reopen_closed=false)))' --internal-plan-file data/example_2/marking/4/plan.p03.pddl < output.sas
[t=0.001144s, 12132 KB] reading input...
[t=0.001591s, 12132 KB] done reading input!
[t=0.003008s, 12396 KB] Initializing landmark sum heuristic...
[t=0.003008s, 12396 KB] Generating landmark graph...
[t=0.003008s, 12396 KB] Building a landmark graph with reasonable orders.
[t=0.003008s, 12396 KB] Initializing Exploration...
[t=0.003008s, 12396 KB] Generating landmarks using the RPG/SAS+ approach
[t=0.003008s, 12396 KB] Landmarks generation time: 0.000000s
[t=0.003008s, 12396 KB] Discovered 18 landmarks, of which 2 are disjunctive and 0 are conjunctive.
[t=0.003008s, 12396 KB] 20 edges
[t=0.003008s, 12396 KB] approx. reasonable orders
[t=0.004008s, 12396 KB] Landmarks generation time: 0.001000s
[t=0.004008s, 12396 KB] Discovered 18 landmarks, of which 2 are disjunctive and 0 are conjunctive.
[t=0.004008s, 12396 KB] 20 edges
[t=0.004008s, 12396 KB] Landmark graph generation time: 0.001000s
[t=0.004008s, 12396 KB] Landmark graph contains 18 landmarks, of which 2 are disjunctive and 0 are conjunctive.
[t=0.004008s, 12396 KB] Landmark graph contains 20 orderings.
[t=0.004008s, 12396 KB] Simplifying 51 unary operators... done! [41 unary operators]
[t=0.004008s, 12396 KB] time to simplify: 0.000000s
[t=0.004008s, 12396 KB] Initializing additive heuristic...
[t=0.004008s, 12396 KB] Initializing FF heuristic...
[t=0.004008s, 12396 KB] Building successor generator...done!
[t=0.004008s, 12396 KB] peak memory difference for successor generator creation: 0 KB
[t=0.004008s, 12396 KB] time for successor generation creation: 0.000000s
[t=0.004008s, 12396 KB] Variables: 13
[t=0.004008s, 12396 KB] FactPairs: 31
[t=0.004008s, 12396 KB] Bytes per state: 4
[t=0.004008s, 12396 KB] Conducting lazy best first search, (real) bound = 2147483647
[t=0.004008s, 12528 KB] New best heuristic value for landmark_sum_heuristic: 9
[t=0.004008s, 12528 KB] New best heuristic value for ff: 10
[t=0.004008s, 12528 KB] g=0, 1 evaluated, 0 expanded
[t=0.004008s, 12528 KB] Initial heuristic value for landmark_sum_heuristic: 9
[t=0.004008s, 12528 KB] Initial heuristic value for ff: 10
[t=0.004008s, 12528 KB] New best heuristic value for ff: 9
[t=0.004008s, 12528 KB] g=1, 5 evaluated, 4 expanded
[t=0.004008s, 12528 KB] New best heuristic value for landmark_sum_heuristic: 8
[t=0.004008s, 12528 KB] g=2, 7 evaluated, 6 expanded
[t=0.005008s, 12528 KB] New best heuristic value for landmark_sum_heuristic: 7
[t=0.005008s, 12528 KB] New best heuristic value for ff: 8
[t=0.005008s, 12528 KB] g=3, 11 evaluated, 10 expanded
[t=0.005008s, 12528 KB] New best heuristic value for landmark_sum_heuristic: 6
[t=0.005008s, 12528 KB] New best heuristic value for ff: 7
[t=0.005008s, 12528 KB] g=4, 13 evaluated, 12 expanded
[t=0.005008s, 12528 KB] New best heuristic value for landmark_sum_heuristic: 5
[t=0.005008s, 12528 KB] New best heuristic value for ff: 6
[t=0.005008s, 12528 KB] g=5, 14 evaluated, 13 expanded
[t=0.005008s, 12528 KB] New best heuristic value for landmark_sum_heuristic: 4
[t=0.005008s, 12528 KB] New best heuristic value for ff: 5
[t=0.005008s, 12528 KB] g=6, 15 evaluated, 14 expanded
[t=0.005008s, 12528 KB] New best heuristic value for landmark_sum_heuristic: 3
[t=0.005008s, 12528 KB] New best heuristic value for ff: 4
[t=0.005008s, 12528 KB] g=7, 16 evaluated, 15 expanded
[t=0.005008s, 12528 KB] New best heuristic value for landmark_sum_heuristic: 2
[t=0.005008s, 12528 KB] New best heuristic value for ff: 3
[t=0.005008s, 12528 KB] g=8, 17 evaluated, 16 expanded
[t=0.005008s, 12528 KB] New best heuristic value for landmark_sum_heuristic: 1
[t=0.005008s, 12528 KB] New best heuristic value for ff: 2
[t=0.005008s, 12528 KB] g=10, 19 evaluated, 18 expanded
[t=0.005008s, 12528 KB] New best heuristic value for ff: 1
[t=0.005008s, 12528 KB] g=11, 20 evaluated, 19 expanded
[t=0.005008s, 12528 KB] Solution found!
[t=0.005008s, 12528 KB] Actual search time: 0.001000s
navigate rover1 waypoint3 waypoint0 (1)
calibrate rover1 camera1 objective0 waypoint0 (1)
take_image rover1 waypoint0 objective0 camera1 colour (1)
navigate rover1 waypoint0 waypoint3 (1)
navigate rover1 waypoint3 waypoint2 (1)
communicate_image_data rover1 general objective0 colour waypoint2 waypoint0 (1)
sample_soil rover1 rover1store waypoint2 (1)
communicate_soil_data rover1 general waypoint2 waypoint2 waypoint0 (1)
navigate rover0 waypoint1 waypoint0 (1)
sample_rock rover0 rover0store waypoint0 (1)
navigate rover0 waypoint0 waypoint1 (1)
communicate_rock_data rover0 general waypoint0 waypoint1 waypoint0 (1)
[t=0.005008s, 12528 KB] Plan length: 12 step(s).
[t=0.005008s, 12528 KB] Plan cost: 12
[t=0.005008s, 12528 KB] Expanded 20 state(s).
[t=0.005008s, 12528 KB] Reopened 0 state(s).
[t=0.005008s, 12528 KB] Evaluated 21 state(s).
[t=0.005008s, 12528 KB] Evaluations: 42
[t=0.005008s, 12528 KB] Generated 132 state(s).
[t=0.005008s, 12528 KB] Dead ends: 0 state(s).
[t=0.005008s, 12528 KB] Number of registered states: 21
[t=0.005008s, 12528 KB] Int hash set load factor: 21/32 = 0.656250
[t=0.005008s, 12528 KB] Int hash set resizes: 5
[t=0.005008s, 12528 KB] Search time: 0.001000s
[t=0.005008s, 12528 KB] Total time: 0.005008s
Solution found.
Peak memory: 12528 KB
Remove intermediate file output.sas
search exit code: 0

INFO     Planner time: 0.17s
