./fast-downward.sif --alias lama-first --overall-memory-limit 8G --overall-time-limit 60 --plan-file ./submissions/queens_example/marking/1/plan.p01.pddl ./submissions/queens_example/submissions/1/domain.pddl ./submissions/queens_example/submissions/1/p01.pddl
INFO     planner time limit: 60s
INFO     planner memory limit: 8192 MB

INFO     Running translator.
INFO     translator stdin: None
INFO     translator time limit: 59s
INFO     translator memory limit: 8192 MB
INFO     translator command line string: /usr/bin/python3 /workspace/downward/builds/release/bin/translate/translate.py submissions/queens_example/submissions/1/domain.pddl submissions/queens_example/submissions/1/p01.pddl --sas-file output.sas
Parsing...
Parsing: [0.010s CPU, 0.002s wall-clock]
Normalizing task... [0.000s CPU, 0.000s wall-clock]
Instantiating...
Generating Datalog program... [0.000s CPU, 0.000s wall-clock]
Normalizing Datalog program...
Normalizing Datalog program: [0.000s CPU, 0.002s wall-clock]
Preparing model... [0.000s CPU, 0.000s wall-clock]
Generated 34 rules.
Computing model... [0.000s CPU, 0.002s wall-clock]
348 relevant atoms
262 auxiliary atoms
610 final queue length
754 total queue pushes
Completing instantiation... [0.000s CPU, 0.002s wall-clock]
Instantiating: [0.000s CPU, 0.007s wall-clock]
Computing fact groups...
Finding invariants...
20 initial candidates
Finding invariants: [0.000s CPU, 0.001s wall-clock]
Checking invariant weight... [0.000s CPU, 0.000s wall-clock]
Instantiating groups... [0.000s CPU, 0.000s wall-clock]
Collecting mutex groups... [0.000s CPU, 0.000s wall-clock]
Choosing groups...
24 uncovered facts
Choosing groups: [0.000s CPU, 0.000s wall-clock]
Building translation key... [0.000s CPU, 0.000s wall-clock]
Computing fact groups: [0.000s CPU, 0.002s wall-clock]
Building STRIPS to SAS dictionary... [0.000s CPU, 0.000s wall-clock]
Building dictionary for full mutex groups... [0.000s CPU, 0.000s wall-clock]
Building mutex information...
Building mutex information: [0.000s CPU, 0.000s wall-clock]
Translating task...
Processing axioms...
Simplifying axioms... [0.000s CPU, 0.000s wall-clock]
Translator axioms removed by simplifying: 0
Processing axioms: [0.000s CPU, 0.000s wall-clock]
Translating task: [0.010s CPU, 0.003s wall-clock]
70 effect conditions simplified
0 implied preconditions added
Detecting unreachable propositions...
7 operators removed
0 axioms removed
21 propositions removed
Detecting unreachable propositions: [0.000s CPU, 0.001s wall-clock]
Reordering and filtering variables...
22 of 22 variables necessary.
1 of 7 mutex groups necessary.
115 of 115 operators necessary.
0 of 0 axiom rules necessary.
Reordering and filtering variables: [0.000s CPU, 0.001s wall-clock]
Translator variables: 22
Translator derived variables: 0
Translator facts: 89
Translator goal facts: 1
Translator mutex groups: 1
Translator total mutex groups size: 5
Translator operators: 115
Translator axioms: 0
Translator task size: 789
Translator peak memory: 32704 KB
Writing output... [0.000s CPU, 0.001s wall-clock]
Done! [0.020s CPU, 0.017s wall-clock]
translate exit code: 0

INFO     Running search (release).
INFO     search stdin: output.sas
INFO     search time limit: 59s
INFO     search memory limit: 8192 MB
INFO     search command line string: /workspace/downward/builds/release/bin/downward --search 'let(hlm,landmark_sum(lm_factory=lm_reasonable_orders_hps(lm_rhw()),transform=adapt_costs(one),pref=false),let(hff,ff(transform=adapt_costs(one)),lazy_greedy([hff,hlm],preferred=[hff,hlm],cost_type=one,reopen_closed=false)))' --internal-plan-file submissions/queens_example/marking/1/plan.p01.pddl < output.sas
[t=0.001279s, 12124 KB] reading input...
[t=0.001962s, 12124 KB] done reading input!
[t=0.003236s, 12520 KB] Initializing landmark sum heuristic...
[t=0.003236s, 12520 KB] Generating landmark graph...
[t=0.003236s, 12520 KB] Building a landmark graph with reasonable orders.
[t=0.003236s, 12520 KB] Initializing Exploration...
[t=0.003236s, 12520 KB] Generating landmarks using the RPG/SAS+ approach
[t=0.004204s, 12520 KB] Landmarks generation time: 0.000968s
[t=0.004204s, 12520 KB] Discovered 28 landmarks, of which 1 are disjunctive and 0 are conjunctive.
[t=0.004204s, 12520 KB] 114 edges
[t=0.004204s, 12520 KB] approx. reasonable orders
[t=0.004204s, 12520 KB] Landmarks generation time: 0.000968s
[t=0.004204s, 12520 KB] Discovered 28 landmarks, of which 1 are disjunctive and 0 are conjunctive.
[t=0.004204s, 12520 KB] 129 edges
[t=0.004204s, 12520 KB] Landmark graph generation time: 0.000968s
[t=0.004204s, 12520 KB] Landmark graph contains 28 landmarks, of which 1 are disjunctive and 0 are conjunctive.
[t=0.004204s, 12520 KB] Landmark graph contains 129 orderings.
[t=0.004204s, 12520 KB] Simplifying 217 unary operators... done! [217 unary operators]
[t=0.004204s, 12520 KB] time to simplify: 0.000000s
[t=0.005203s, 12520 KB] Initializing additive heuristic...
[t=0.005203s, 12520 KB] Initializing FF heuristic...
[t=0.005203s, 12520 KB] Building successor generator...done!
[t=0.005203s, 12520 KB] peak memory difference for successor generator creation: 0 KB
[t=0.005203s, 12520 KB] time for successor generation creation: 0.000000s
[t=0.005203s, 12520 KB] Variables: 22
[t=0.005203s, 12520 KB] FactPairs: 89
[t=0.005203s, 12520 KB] Bytes per state: 8
[t=0.005203s, 12520 KB] Conducting lazy best first search, (real) bound = 2147483647
[t=0.005203s, 12520 KB] New best heuristic value for landmark_sum_heuristic: 17
[t=0.005203s, 12520 KB] New best heuristic value for ff: 17
[t=0.005203s, 12520 KB] g=0, 1 evaluated, 0 expanded
[t=0.005203s, 12520 KB] Initial heuristic value for landmark_sum_heuristic: 17
[t=0.005203s, 12520 KB] Initial heuristic value for ff: 17
[t=0.005203s, 12520 KB] New best heuristic value for landmark_sum_heuristic: 16
[t=0.005203s, 12520 KB] New best heuristic value for ff: 16
[t=0.005203s, 12520 KB] g=1, 2 evaluated, 1 expanded
[t=0.005203s, 12520 KB] New best heuristic value for landmark_sum_heuristic: 15
[t=0.005203s, 12520 KB] g=2, 3 evaluated, 2 expanded
[t=0.005203s, 12520 KB] New best heuristic value for ff: 15
[t=0.005203s, 12520 KB] g=3, 5 evaluated, 4 expanded
[t=0.005203s, 12520 KB] New best heuristic value for landmark_sum_heuristic: 14
[t=0.005203s, 12520 KB] New best heuristic value for ff: 14
[t=0.005203s, 12520 KB] g=4, 6 evaluated, 5 expanded
[t=0.005203s, 12520 KB] New best heuristic value for landmark_sum_heuristic: 13
[t=0.005203s, 12520 KB] g=5, 7 evaluated, 6 expanded
[t=0.005203s, 12520 KB] New best heuristic value for ff: 13
[t=0.005203s, 12520 KB] g=5, 9 evaluated, 8 expanded
[t=0.005203s, 12520 KB] New best heuristic value for landmark_sum_heuristic: 12
[t=0.005203s, 12520 KB] g=6, 10 evaluated, 9 expanded
[t=0.005203s, 12520 KB] New best heuristic value for ff: 12
[t=0.005203s, 12520 KB] g=8, 16 evaluated, 13 expanded
[t=0.005203s, 12520 KB] New best heuristic value for landmark_sum_heuristic: 11
[t=0.005203s, 12520 KB] g=9, 18 evaluated, 14 expanded
[t=0.005203s, 12520 KB] New best heuristic value for landmark_sum_heuristic: 10
[t=0.006204s, 12520 KB] New best heuristic value for ff: 11
[t=0.006204s, 12520 KB] g=10, 19 evaluated, 15 expanded
[t=0.006204s, 12520 KB] New best heuristic value for landmark_sum_heuristic: 9
[t=0.006204s, 12520 KB] New best heuristic value for ff: 10
[t=0.006204s, 12520 KB] g=11, 20 evaluated, 16 expanded
[t=0.006204s, 12520 KB] New best heuristic value for landmark_sum_heuristic: 8
[t=0.006204s, 12520 KB] g=12, 21 evaluated, 17 expanded
[t=0.006204s, 12520 KB] New best heuristic value for ff: 9
[t=0.006204s, 12520 KB] g=12, 22 evaluated, 18 expanded
[t=0.006204s, 12520 KB] New best heuristic value for landmark_sum_heuristic: 7
[t=0.006204s, 12520 KB] g=14, 27 evaluated, 23 expanded
[t=0.006204s, 12520 KB] New best heuristic value for ff: 8
[t=0.006204s, 12520 KB] g=15, 28 evaluated, 24 expanded
[t=0.006204s, 12520 KB] New best heuristic value for ff: 7
[t=0.006204s, 12520 KB] g=16, 30 evaluated, 26 expanded
[t=0.006204s, 12520 KB] New best heuristic value for ff: 6
[t=0.006204s, 12520 KB] g=17, 32 evaluated, 28 expanded
[t=0.006204s, 12520 KB] New best heuristic value for landmark_sum_heuristic: 6
[t=0.006204s, 12520 KB] New best heuristic value for ff: 5
[t=0.006204s, 12520 KB] g=18, 34 evaluated, 30 expanded
[t=0.006204s, 12520 KB] New best heuristic value for landmark_sum_heuristic: 5
[t=0.006204s, 12520 KB] g=19, 35 evaluated, 31 expanded
[t=0.006204s, 12520 KB] New best heuristic value for ff: 4
[t=0.006204s, 12520 KB] g=19, 36 evaluated, 32 expanded
[t=0.006204s, 12520 KB] New best heuristic value for landmark_sum_heuristic: 4
[t=0.006204s, 12520 KB] g=20, 37 evaluated, 33 expanded
[t=0.006204s, 12520 KB] New best heuristic value for landmark_sum_heuristic: 3
[t=0.006204s, 12520 KB] New best heuristic value for ff: 3
[t=0.006204s, 12520 KB] g=21, 40 evaluated, 36 expanded
[t=0.006204s, 12520 KB] New best heuristic value for landmark_sum_heuristic: 2
[t=0.006204s, 12520 KB] New best heuristic value for ff: 2
[t=0.006204s, 12520 KB] g=22, 41 evaluated, 37 expanded
[t=0.006204s, 12520 KB] New best heuristic value for landmark_sum_heuristic: 1
[t=0.006204s, 12520 KB] New best heuristic value for ff: 1
[t=0.006204s, 12520 KB] g=23, 42 evaluated, 38 expanded
[t=0.006204s, 12520 KB] Solution found!
[t=0.006204s, 12520 KB] Actual search time: 0.001000s
move loc-1-2 loc-2-2 c1222 (1)
pick-up loc-2-2 key1 (1)
move loc-2-2 loc-2-3 c2223 (1)
unlock loc-2-3 c2324 red key1 (1)
move loc-2-3 loc-2-4 c2324 (1)
clean loc-2-4 (1)
unlock loc-2-4 c2434 red key1 (1)
drop loc-2-4 key1 (1)
pick-up loc-2-4 key2 (1)
move loc-2-4 loc-3-4 c2434 (1)
unlock loc-3-4 c3444 yellow key2 (1)
move loc-3-4 loc-4-4 c3444 (1)
drop loc-4-4 key2 (1)
pick-up loc-4-4 key4 (1)
move loc-4-4 loc-3-4 c3444 (1)
move loc-3-4 loc-3-3 c3334 (1)
move loc-3-3 loc-3-2 c3233 (1)
unlock loc-3-2 c3242 purple key4 (1)
move loc-3-2 loc-4-2 c3242 (1)
drop loc-4-2 key4 (1)
pick-up loc-4-2 key3 (1)
move loc-4-2 loc-3-2 c3242 (1)
unlock loc-3-2 c3132 rainbow key3 (1)
move loc-3-2 loc-3-1 c3132 (1)
[t=0.006204s, 12520 KB] Plan length: 24 step(s).
[t=0.006204s, 12520 KB] Plan cost: 24
[t=0.006204s, 12520 KB] Expanded 39 state(s).
[t=0.006204s, 12520 KB] Reopened 0 state(s).
[t=0.006204s, 12520 KB] Evaluated 43 state(s).
[t=0.006204s, 12520 KB] Evaluations: 83
[t=0.006204s, 12520 KB] Generated 121 state(s).
[t=0.006204s, 12520 KB] Dead ends: 3 state(s).
[t=0.006204s, 12520 KB] Number of registered states: 43
[t=0.006204s, 12520 KB] Int hash set load factor: 43/64 = 0.671875
[t=0.006204s, 12520 KB] Int hash set resizes: 6
[t=0.006204s, 12520 KB] Search time: 0.001000s
[t=0.006204s, 12520 KB] Total time: 0.006204s
Solution found.
Peak memory: 12520 KB
Remove intermediate file output.sas
search exit code: 0

INFO     Planner time: 0.17s
