./fast-downward.sif --alias lama-first --overall-memory-limit 8G --overall-time-limit 60 --plan-file ./submissions/queens_example/marking/1/plan.p03.pddl ./submissions/queens_example/submissions/1/domain.pddl ./submissions/queens_example/submissions/1/p03.pddl
INFO     planner time limit: 60s
INFO     planner memory limit: 8192 MB

INFO     Running translator.
INFO     translator stdin: None
INFO     translator time limit: 59s
INFO     translator memory limit: 8192 MB
INFO     translator command line string: /usr/bin/python3 /workspace/downward/builds/release/bin/translate/translate.py submissions/queens_example/submissions/1/domain.pddl submissions/queens_example/submissions/1/p03.pddl --sas-file output.sas
Parsing...
Parsing: [0.010s CPU, 0.002s wall-clock]
Normalizing task... [0.000s CPU, 0.000s wall-clock]
Instantiating...
Generating Datalog program... [0.000s CPU, 0.000s wall-clock]
Normalizing Datalog program...
Normalizing Datalog program: [0.000s CPU, 0.002s wall-clock]
Preparing model... [0.000s CPU, 0.001s wall-clock]
Generated 34 rules.
Computing model... [0.000s CPU, 0.004s wall-clock]
692 relevant atoms
534 auxiliary atoms
1226 final queue length
1823 total queue pushes
Completing instantiation... [0.010s CPU, 0.004s wall-clock]
Instantiating: [0.010s CPU, 0.012s wall-clock]
Computing fact groups...
Finding invariants...
20 initial candidates
Finding invariants: [0.000s CPU, 0.001s wall-clock]
Checking invariant weight... [0.010s CPU, 0.000s wall-clock]
Instantiating groups... [0.000s CPU, 0.000s wall-clock]
Collecting mutex groups... [0.000s CPU, 0.000s wall-clock]
Choosing groups...
48 uncovered facts
Choosing groups: [0.000s CPU, 0.000s wall-clock]
Building translation key... [0.000s CPU, 0.000s wall-clock]
Computing fact groups: [0.010s CPU, 0.003s wall-clock]
Building STRIPS to SAS dictionary... [0.000s CPU, 0.000s wall-clock]
Building dictionary for full mutex groups... [0.000s CPU, 0.000s wall-clock]
Building mutex information...
Building mutex information: [0.000s CPU, 0.000s wall-clock]
Translating task...
Processing axioms...
Simplifying axioms... [0.000s CPU, 0.000s wall-clock]
Translator axioms removed by simplifying: 0
Processing axioms: [0.000s CPU, 0.000s wall-clock]
Translating task: [0.010s CPU, 0.007s wall-clock]
175 effect conditions simplified
0 implied preconditions added
Detecting unreachable propositions...
6 operators removed
0 axioms removed
21 propositions removed
Detecting unreachable propositions: [0.000s CPU, 0.003s wall-clock]
Reordering and filtering variables...
48 of 48 variables necessary.
1 of 8 mutex groups necessary.
267 of 267 operators necessary.
0 of 0 axiom rules necessary.
Reordering and filtering variables: [0.000s CPU, 0.001s wall-clock]
Translator variables: 48
Translator derived variables: 0
Translator facts: 193
Translator goal facts: 1
Translator mutex groups: 1
Translator total mutex groups size: 7
Translator operators: 267
Translator axioms: 0
Translator task size: 1867
Translator peak memory: 33728 KB
Writing output... [0.000s CPU, 0.002s wall-clock]
Done! [0.040s CPU, 0.030s wall-clock]
translate exit code: 0

INFO     Running search (release).
INFO     search stdin: output.sas
INFO     search time limit: 59s
INFO     search memory limit: 8192 MB
INFO     search command line string: /workspace/downward/builds/release/bin/downward --search 'let(hlm,landmark_sum(lm_factory=lm_reasonable_orders_hps(lm_rhw()),transform=adapt_costs(one),pref=false),let(hff,ff(transform=adapt_costs(one)),lazy_greedy([hff,hlm],preferred=[hff,hlm],cost_type=one,reopen_closed=false)))' --internal-plan-file submissions/queens_example/marking/1/plan.p03.pddl < output.sas
[t=0.001371s, 12124 KB] reading input...
[t=0.002620s, 12124 KB] done reading input!
[t=0.004345s, 12520 KB] Initializing landmark sum heuristic...
[t=0.004345s, 12520 KB] Generating landmark graph...
[t=0.004345s, 12520 KB] Building a landmark graph with reasonable orders.
[t=0.004345s, 12520 KB] Initializing Exploration...
[t=0.004345s, 12520 KB] Generating landmarks using the RPG/SAS+ approach
[t=0.005024s, 12520 KB] Landmarks generation time: 0.000679s
[t=0.005024s, 12520 KB] Discovered 26 landmarks, of which 2 are disjunctive and 0 are conjunctive.
[t=0.005024s, 12520 KB] 132 edges
[t=0.005024s, 12520 KB] approx. reasonable orders
[t=0.005024s, 12520 KB] Landmarks generation time: 0.001679s
[t=0.006024s, 12520 KB] Discovered 26 landmarks, of which 2 are disjunctive and 0 are conjunctive.
[t=0.006024s, 12520 KB] 134 edges
[t=0.006024s, 12520 KB] Landmark graph generation time: 0.001679s
[t=0.006024s, 12520 KB] Landmark graph contains 26 landmarks, of which 2 are disjunctive and 0 are conjunctive.
[t=0.006024s, 12520 KB] Landmark graph contains 134 orderings.
[t=0.006024s, 12520 KB] Simplifying 515 unary operators... done! [515 unary operators]
[t=0.006024s, 12520 KB] time to simplify: 0.000000s
[t=0.006024s, 12520 KB] Initializing additive heuristic...
[t=0.006024s, 12520 KB] Initializing FF heuristic...
[t=0.006024s, 12520 KB] Building successor generator...done!
[t=0.006024s, 12520 KB] peak memory difference for successor generator creation: 0 KB
[t=0.006024s, 12520 KB] time for successor generation creation: 0.000000s
[t=0.006024s, 12520 KB] Variables: 48
[t=0.006024s, 12520 KB] FactPairs: 193
[t=0.006024s, 12520 KB] Bytes per state: 12
[t=0.006024s, 12520 KB] Conducting lazy best first search, (real) bound = 2147483647
[t=0.006024s, 12656 KB] New best heuristic value for landmark_sum_heuristic: 17
[t=0.007024s, 12656 KB] New best heuristic value for ff: 22
[t=0.007024s, 12656 KB] g=0, 1 evaluated, 0 expanded
[t=0.007024s, 12656 KB] Initial heuristic value for landmark_sum_heuristic: 17
[t=0.007024s, 12656 KB] Initial heuristic value for ff: 22
[t=0.007024s, 12656 KB] New best heuristic value for ff: 21
[t=0.007024s, 12656 KB] g=1, 2 evaluated, 1 expanded
[t=0.007024s, 12656 KB] New best heuristic value for landmark_sum_heuristic: 16
[t=0.007024s, 12656 KB] g=1, 4 evaluated, 3 expanded
[t=0.007024s, 12656 KB] New best heuristic value for ff: 17
[t=0.007024s, 12656 KB] g=3, 5 evaluated, 4 expanded
[t=0.007024s, 12656 KB] New best heuristic value for ff: 16
[t=0.007024s, 12656 KB] g=5, 9 evaluated, 8 expanded
[t=0.007024s, 12656 KB] New best heuristic value for landmark_sum_heuristic: 15
[t=0.007024s, 12656 KB] g=5, 11 evaluated, 10 expanded
[t=0.007024s, 12656 KB] New best heuristic value for ff: 15
[t=0.007024s, 12656 KB] g=6, 12 evaluated, 11 expanded
[t=0.007024s, 12656 KB] New best heuristic value for landmark_sum_heuristic: 14
[t=0.007024s, 12656 KB] g=6, 14 evaluated, 13 expanded
[t=0.007024s, 12656 KB] New best heuristic value for ff: 14
[t=0.007024s, 12656 KB] g=7, 15 evaluated, 14 expanded
[t=0.047005s, 12788 KB] New best heuristic value for landmark_sum_heuristic: 13
[t=0.047005s, 12788 KB] g=13, 3207 evaluated, 2836 expanded
[t=0.047005s, 12788 KB] New best heuristic value for landmark_sum_heuristic: 12
[t=0.047005s, 12788 KB] g=14, 3209 evaluated, 2838 expanded
[t=0.054005s, 12788 KB] New best heuristic value for landmark_sum_heuristic: 11
[t=0.054005s, 12788 KB] g=30, 3682 evaluated, 3267 expanded
[t=0.054005s, 12788 KB] New best heuristic value for landmark_sum_heuristic: 10
[t=0.054005s, 12788 KB] g=31, 3683 evaluated, 3268 expanded
[t=0.054005s, 12788 KB] New best heuristic value for landmark_sum_heuristic: 9
[t=0.054005s, 12788 KB] g=32, 3685 evaluated, 3270 expanded
[t=0.054005s, 12788 KB] New best heuristic value for ff: 13
[t=0.054005s, 12788 KB] g=39, 3709 evaluated, 3294 expanded
[t=0.604829s, 16940 KB] New best heuristic value for landmark_sum_heuristic: 8
[t=0.605829s, 16940 KB] g=51, 44525 evaluated, 41772 expanded
[t=0.605829s, 16940 KB] New best heuristic value for landmark_sum_heuristic: 7
[t=0.605829s, 16940 KB] g=52, 44527 evaluated, 41774 expanded
[t=0.605829s, 16940 KB] New best heuristic value for ff: 12
[t=0.605829s, 16940 KB] g=52, 44528 evaluated, 41775 expanded
[t=0.605829s, 16940 KB] New best heuristic value for landmark_sum_heuristic: 6
[t=0.605829s, 16940 KB] g=53, 44529 evaluated, 41776 expanded
[t=0.605829s, 17072 KB] New best heuristic value for ff: 11
[t=0.605829s, 17072 KB] g=67, 44572 evaluated, 41817 expanded
[t=0.605829s, 17072 KB] New best heuristic value for ff: 10
[t=0.605829s, 17072 KB] g=68, 44574 evaluated, 41819 expanded
[t=0.605829s, 17072 KB] New best heuristic value for ff: 9
[t=0.605829s, 17072 KB] g=69, 44578 evaluated, 41823 expanded
[t=0.606829s, 17072 KB] New best heuristic value for ff: 8
[t=0.606829s, 17072 KB] g=70, 44580 evaluated, 41825 expanded
[t=0.606829s, 17072 KB] New best heuristic value for ff: 7
[t=0.606829s, 17072 KB] g=71, 44582 evaluated, 41827 expanded
[t=0.606829s, 17072 KB] New best heuristic value for ff: 6
[t=0.606829s, 17072 KB] g=72, 44583 evaluated, 41828 expanded
[t=0.606829s, 17072 KB] New best heuristic value for landmark_sum_heuristic: 5
[t=0.606829s, 17072 KB] New best heuristic value for ff: 5
[t=0.606829s, 17072 KB] g=73, 44584 evaluated, 41829 expanded
[t=0.606829s, 17072 KB] New best heuristic value for landmark_sum_heuristic: 4
[t=0.606829s, 17072 KB] New best heuristic value for ff: 4
[t=0.606829s, 17072 KB] g=74, 44585 evaluated, 41830 expanded
[t=0.606829s, 17072 KB] New best heuristic value for landmark_sum_heuristic: 3
[t=0.606829s, 17072 KB] New best heuristic value for ff: 3
[t=0.606829s, 17072 KB] g=75, 44586 evaluated, 41831 expanded
[t=0.606829s, 17072 KB] New best heuristic value for landmark_sum_heuristic: 2
[t=0.606829s, 17072 KB] New best heuristic value for ff: 2
[t=0.606829s, 17072 KB] g=76, 44587 evaluated, 41832 expanded
[t=0.606829s, 17072 KB] New best heuristic value for landmark_sum_heuristic: 1
[t=0.606829s, 17072 KB] New best heuristic value for ff: 1
[t=0.606829s, 17072 KB] g=77, 44588 evaluated, 41833 expanded
[t=0.606829s, 17072 KB] Solution found!
[t=0.606829s, 17072 KB] Actual search time: 0.600806s
pick-up loc-2-1 key1 (1)
move loc-2-1 loc-2-2 c2122 (1)
move loc-2-2 loc-1-2 c1222 (1)
unlock loc-1-2 c1223 red key1 (1)
move loc-1-2 loc-1-3 c1213 (1)
unlock loc-1-3 c1323 red key1 (1)
move loc-1-3 loc-1-4 c1314 (1)
unlock loc-1-4 c2314 red key1 (1)
move loc-1-4 loc-2-4 c1424 (1)
unlock loc-2-4 c2324 red key1 (1)
drop loc-2-4 key1 (1)
move loc-2-4 loc-2-3 c2324 (1)
clean loc-2-3 (1)
pick-up loc-2-3 key4 (1)
move loc-2-3 loc-1-4 c2314 (1)
move loc-1-4 loc-2-4 c1424 (1)
unlock loc-2-4 c2425 purple key4 (1)
move loc-2-4 loc-2-5 c2425 (1)
drop loc-2-5 key4 (1)
move loc-2-5 loc-2-4 c2425 (1)
move loc-2-4 loc-1-4 c1424 (1)
move loc-1-4 loc-1-3 c1314 (1)
move loc-1-3 loc-2-3 c1323 (1)
clean loc-2-3 (1)
pick-up loc-2-3 key2 (1)
move loc-2-3 loc-1-2 c1223 (1)
move loc-1-2 loc-1-3 c1213 (1)
move loc-1-3 loc-1-4 c1314 (1)
move loc-1-4 loc-2-4 c1424 (1)
move loc-2-4 loc-2-5 c2425 (1)
unlock loc-2-5 c2535 green key2 (1)
move loc-2-5 loc-3-5 c2535 (1)
drop loc-3-5 key2 (1)
move loc-3-5 loc-2-5 c2535 (1)
move loc-2-5 loc-2-4 c2425 (1)
pick-up loc-2-4 key1 (1)
move loc-2-4 loc-3-4 c2434 (1)
unlock loc-3-4 c2334 red key1 (1)
move loc-3-4 loc-2-3 c2334 (1)
unlock loc-2-3 c2333 red key1 (1)
clean loc-2-3 (1)
unlock loc-2-3 c3223 red key1 (1)
drop loc-2-3 key1 (1)
pick-up loc-2-3 key5 (1)
move loc-2-3 loc-3-2 c3223 (1)
move loc-3-2 loc-3-3 c3233 (1)
move loc-3-3 loc-3-4 c3334 (1)
move loc-3-4 loc-2-4 c2434 (1)
move loc-2-4 loc-2-5 c2425 (1)
move loc-2-5 loc-3-5 c2535 (1)
unlock loc-3-5 c3545 purple key5 (1)
move loc-3-5 loc-4-5 c3545 (1)
drop loc-4-5 key5 (1)
move loc-4-5 loc-3-5 c3545 (1)
move loc-3-5 loc-2-5 c2535 (1)
move loc-2-5 loc-2-4 c2425 (1)
move loc-2-4 loc-3-4 c2434 (1)
move loc-3-4 loc-3-3 c3334 (1)
move loc-3-3 loc-2-3 c2333 (1)
clean loc-2-3 (1)
pick-up loc-2-3 key1 (1)
unlock loc-2-3 c2223 red key1 (1)
drop loc-2-3 key1 (1)
pick-up loc-2-3 key3 (1)
move loc-2-3 loc-2-2 c2223 (1)
move loc-2-2 loc-1-2 c1222 (1)
move loc-1-2 loc-1-3 c1213 (1)
move loc-1-3 loc-1-4 c1314 (1)
move loc-1-4 loc-2-4 c1424 (1)
move loc-2-4 loc-2-5 c2425 (1)
move loc-2-5 loc-3-5 c2535 (1)
move loc-3-5 loc-4-5 c3545 (1)
unlock loc-4-5 c4544 green key3 (1)
move loc-4-5 loc-4-4 c4544 (1)
drop loc-4-4 key3 (1)
pick-up loc-4-4 key6 (1)
unlock loc-4-4 c4443 rainbow key6 (1)
move loc-4-4 loc-4-3 c4443 (1)
[t=0.606829s, 17072 KB] Plan length: 78 step(s).
[t=0.606829s, 17072 KB] Plan cost: 78
[t=0.606829s, 17072 KB] Expanded 41834 state(s).
[t=0.606829s, 17072 KB] Reopened 0 state(s).
[t=0.606829s, 17072 KB] Evaluated 44589 state(s).
[t=0.606829s, 17072 KB] Evaluations: 86424
[t=0.606829s, 17072 KB] Generated 118987 state(s).
[t=0.606829s, 17072 KB] Dead ends: 2754 state(s).
[t=0.606829s, 17072 KB] Number of registered states: 44589
[t=0.606829s, 17072 KB] Int hash set load factor: 44589/65536 = 0.680374
[t=0.606829s, 17072 KB] Int hash set resizes: 16
[t=0.606829s, 17072 KB] Search time: 0.600806s
[t=0.606829s, 17072 KB] Total time: 0.606829s
Solution found.
Peak memory: 17072 KB
Remove intermediate file output.sas
search exit code: 0

INFO     Planner time: 0.79s
