./fast-downward.sif --alias lama-first --overall-memory-limit 8G --overall-time-limit 60 --plan-file ./submissions/queens_example/marking/1/plan.p01.pddl.merged ./submissions/queens_example/marking/1/domain.pddl ./submissions/queens_example/marking/1/p01.pddl
INFO     planner time limit: 60s
INFO     planner memory limit: 8192 MB

INFO     Running translator.
INFO     translator stdin: None
INFO     translator time limit: 59s
INFO     translator memory limit: 8192 MB
INFO     translator command line string: /usr/bin/python3 /workspace/downward/builds/release/bin/translate/translate.py submissions/queens_example/marking/1/domain.pddl submissions/queens_example/marking/1/p01.pddl --sas-file output.sas
Parsing...
Parsing: [0.010s CPU, 0.004s wall-clock]
Normalizing task... [0.000s CPU, 0.001s wall-clock]
Instantiating...
Generating Datalog program... [0.000s CPU, 0.001s wall-clock]
Normalizing Datalog program...
Normalizing Datalog program: [0.010s CPU, 0.008s wall-clock]
Preparing model... [0.000s CPU, 0.002s wall-clock]
Generated 319 rules.
Computing model... [0.010s CPU, 0.014s wall-clock]
1338 relevant atoms
2597 auxiliary atoms
3935 final queue length
5093 total queue pushes
Completing instantiation... [0.010s CPU, 0.010s wall-clock]
Instantiating: [0.030s CPU, 0.036s wall-clock]
Computing fact groups...
Finding invariants...
43 initial candidates
Finding invariants: [0.010s CPU, 0.008s wall-clock]
Checking invariant weight... [0.000s CPU, 0.001s wall-clock]
Instantiating groups... [0.000s CPU, 0.001s wall-clock]
Collecting mutex groups... [0.000s CPU, 0.000s wall-clock]
Choosing groups...
60 uncovered facts
Choosing groups: [0.000s CPU, 0.000s wall-clock]
Building translation key... [0.010s CPU, 0.000s wall-clock]
Computing fact groups: [0.020s CPU, 0.011s wall-clock]
Building STRIPS to SAS dictionary... [0.000s CPU, 0.000s wall-clock]
Building dictionary for full mutex groups... [0.000s CPU, 0.000s wall-clock]
Building mutex information...
Building mutex information: [0.000s CPU, 0.000s wall-clock]
Translating task...
Processing axioms...
Simplifying axioms... [0.000s CPU, 0.000s wall-clock]
Translator axioms removed by simplifying: 0
Processing axioms: [0.000s CPU, 0.001s wall-clock]
Translating task: [0.090s CPU, 0.087s wall-clock]
186 effect conditions simplified
0 implied preconditions added
Detecting unreachable propositions...
1172 operators removed
0 axioms removed
74 propositions removed
Detecting unreachable propositions: [0.040s CPU, 0.039s wall-clock]
Reordering and filtering variables...
48 of 48 variables necessary.
12 of 27 mutex groups necessary.
4205 of 4205 operators necessary.
5 of 5 axiom rules necessary.
Reordering and filtering variables: [0.010s CPU, 0.010s wall-clock]
Translator variables: 48
Translator derived variables: 5
Translator facts: 186
Translator goal facts: 1
Translator mutex groups: 12
Translator total mutex groups size: 108
Translator operators: 4205
Translator axioms: 5
Translator task size: 25602
Translator peak memory: 40900 KB
Writing output... [0.020s CPU, 0.023s wall-clock]
Done! [0.220s CPU, 0.212s wall-clock]
translate exit code: 0

INFO     Running search (release).
INFO     search stdin: output.sas
INFO     search time limit: 59s
INFO     search memory limit: 8192 MB
INFO     search command line string: /workspace/downward/builds/release/bin/downward --search 'let(hlm,landmark_sum(lm_factory=lm_reasonable_orders_hps(lm_rhw()),transform=adapt_costs(one),pref=false),let(hff,ff(transform=adapt_costs(one)),lazy_greedy([hff,hlm],preferred=[hff,hlm],cost_type=one,reopen_closed=false)))' --internal-plan-file submissions/queens_example/marking/1/plan.p01.pddl.merged < output.sas
[t=0.000858s, 12124 KB] reading input...
[t=0.016305s, 13180 KB] done reading input!
[t=0.017661s, 13444 KB] Initializing landmark sum heuristic...
[t=0.017661s, 13444 KB] Generating landmark graph...
[t=0.017661s, 13444 KB] Building a landmark graph with reasonable orders.
[t=0.017661s, 13580 KB] Initializing Exploration...
[t=0.019471s, 13712 KB] Generating landmarks using the RPG/SAS+ approach
[t=0.026471s, 14636 KB] Landmarks generation time: 0.008810s
[t=0.026471s, 14636 KB] Discovered 2 landmarks, of which 0 are disjunctive and 0 are conjunctive.
[t=0.026471s, 14636 KB] 1 edges
[t=0.026471s, 14636 KB] approx. reasonable orders
[t=0.026471s, 14636 KB] Landmarks generation time: 0.008810s
[t=0.026471s, 14636 KB] Discovered 2 landmarks, of which 0 are disjunctive and 0 are conjunctive.
[t=0.026471s, 14636 KB] 1 edges
[t=0.026471s, 14636 KB] Landmark graph generation time: 0.008810s
[t=0.026471s, 14636 KB] Landmark graph contains 2 landmarks, of which 0 are disjunctive and 0 are conjunctive.
[t=0.026471s, 14636 KB] Landmark graph contains 1 orderings.
[t=0.027471s, 14636 KB] Simplifying 4538 unary operators... done! [2651 unary operators]
[t=0.030470s, 14636 KB] time to simplify: 0.003000s
[t=0.030470s, 14636 KB] Initializing additive heuristic...
[t=0.030470s, 14636 KB] Initializing FF heuristic...
[t=0.030470s, 14636 KB] Building successor generator...done!
[t=0.032471s, 14636 KB] peak memory difference for successor generator creation: 0 KB
[t=0.032471s, 14636 KB] time for successor generation creation: 0.002000s
[t=0.032471s, 14636 KB] Variables: 48
[t=0.032471s, 14636 KB] FactPairs: 186
[t=0.032471s, 14636 KB] Bytes per state: 12
[t=0.032471s, 14636 KB] Conducting lazy best first search, (real) bound = 2147483647
[t=0.032471s, 14636 KB] New best heuristic value for landmark_sum_heuristic: 1
[t=0.032471s, 14636 KB] New best heuristic value for ff: 2
[t=0.032471s, 14636 KB] g=0, 1 evaluated, 0 expanded
[t=0.032471s, 14636 KB] Initial heuristic value for landmark_sum_heuristic: 1
[t=0.032471s, 14636 KB] Initial heuristic value for ff: 2
[t=9.285394s, 48268 KB] Completely explored state space -- no solution!
[t=9.285394s, 48268 KB] Actual search time: 9.252923s
[t=9.285394s, 48268 KB] Expanded 459626 state(s).
[t=9.285394s, 48268 KB] Reopened 0 state(s).
[t=9.285394s, 48268 KB] Evaluated 459626 state(s).
[t=9.285394s, 48268 KB] Evaluations: 919252
[t=9.285394s, 48268 KB] Generated 1231315 state(s).
[t=9.285394s, 48268 KB] Dead ends: 0 state(s).
[t=9.285394s, 48268 KB] Number of registered states: 459626
[t=9.285394s, 48268 KB] Int hash set load factor: 459626/1048576 = 0.438334
[t=9.285394s, 48268 KB] Int hash set resizes: 20
[t=9.285394s, 48268 KB] Search time: 9.252923s
[t=9.285394s, 48268 KB] Total time: 9.285394s
Search stopped without finding a solution.
Peak memory: 48268 KB
Remove intermediate file output.sas
search exit code: 12

Driver aborting after search
INFO     Planner time: 9.66s
