./fast-downward.sif --alias lama-first --overall-memory-limit 8G --overall-time-limit 60 --plan-file ./submissions/queens_example/marking/1/plan.p03.pddl.merged ./submissions/queens_example/marking/1/domain.pddl ./submissions/queens_example/marking/1/p03.pddl
INFO     planner time limit: 60s
INFO     planner memory limit: 8192 MB

INFO     Running translator.
INFO     translator stdin: None
INFO     translator time limit: 59s
INFO     translator memory limit: 8192 MB
INFO     translator command line string: /usr/bin/python3 /workspace/downward/builds/release/bin/translate/translate.py submissions/queens_example/marking/1/domain.pddl submissions/queens_example/marking/1/p03.pddl --sas-file output.sas
Parsing...
Parsing: [0.000s CPU, 0.005s wall-clock]
Normalizing task... [0.000s CPU, 0.001s wall-clock]
Instantiating...
Generating Datalog program... [0.000s CPU, 0.001s wall-clock]
Normalizing Datalog program...
Normalizing Datalog program: [0.010s CPU, 0.007s wall-clock]
Preparing model... [0.000s CPU, 0.002s wall-clock]
Generated 319 rules.
Computing model... [0.040s CPU, 0.031s wall-clock]
2997 relevant atoms
5288 auxiliary atoms
8285 final queue length
11556 total queue pushes
Completing instantiation... [0.030s CPU, 0.028s wall-clock]
Instantiating: [0.080s CPU, 0.072s wall-clock]
Computing fact groups...
Finding invariants...
43 initial candidates
Finding invariants: [0.010s CPU, 0.009s wall-clock]
Checking invariant weight... [0.000s CPU, 0.002s wall-clock]
Instantiating groups... [0.000s CPU, 0.001s wall-clock]
Collecting mutex groups... [0.000s CPU, 0.000s wall-clock]
Choosing groups...
131 uncovered facts
Choosing groups: [0.000s CPU, 0.000s wall-clock]
Building translation key... [0.000s CPU, 0.000s wall-clock]
Computing fact groups: [0.010s CPU, 0.013s wall-clock]
Building STRIPS to SAS dictionary... [0.000s CPU, 0.000s wall-clock]
Building dictionary for full mutex groups... [0.000s CPU, 0.000s wall-clock]
Building mutex information...
Building mutex information: [0.000s CPU, 0.000s wall-clock]
Translating task...
Processing axioms...
Simplifying axioms... [0.000s CPU, 0.000s wall-clock]
Translator axioms removed by simplifying: 0
Processing axioms: [0.000s CPU, 0.003s wall-clock]
Translating task: [0.260s CPU, 0.259s wall-clock]
432 effect conditions simplified
0 implied preconditions added
Detecting unreachable propositions...
2281 operators removed
0 axioms removed
98 propositions removed
Detecting unreachable propositions: [0.170s CPU, 0.174s wall-clock]
Reordering and filtering variables...
112 of 112 variables necessary.
16 of 38 mutex groups necessary.
14687 of 14687 operators necessary.
13 of 13 axiom rules necessary.
Reordering and filtering variables: [0.030s CPU, 0.034s wall-clock]
Translator variables: 112
Translator derived variables: 13
Translator facts: 418
Translator goal facts: 1
Translator mutex groups: 16
Translator total mutex groups size: 220
Translator operators: 14687
Translator axioms: 13
Translator task size: 91132
Translator peak memory: 59332 KB
Writing output... [0.080s CPU, 0.082s wall-clock]
Done! [0.640s CPU, 0.644s wall-clock]
translate exit code: 0

INFO     Running search (release).
INFO     search stdin: output.sas
INFO     search time limit: 59s
INFO     search memory limit: 8192 MB
INFO     search command line string: /workspace/downward/builds/release/bin/downward --search 'let(hlm,landmark_sum(lm_factory=lm_reasonable_orders_hps(lm_rhw()),transform=adapt_costs(one),pref=false),let(hff,ff(transform=adapt_costs(one)),lazy_greedy([hff,hlm],preferred=[hff,hlm],cost_type=one,reopen_closed=false)))' --internal-plan-file submissions/queens_example/marking/1/plan.p03.pddl.merged < output.sas
[t=0.001283s, 12124 KB] reading input...
[t=0.055482s, 15748 KB] done reading input!
[t=0.056816s, 16012 KB] Initializing landmark sum heuristic...
[t=0.056816s, 16012 KB] Generating landmark graph...
[t=0.057789s, 16144 KB] Building a landmark graph with reasonable orders.
[t=0.057789s, 16304 KB] Initializing Exploration...
[t=0.061788s, 17204 KB] Generating landmarks using the RPG/SAS+ approach
[t=0.090788s, 20804 KB] Landmarks generation time: 0.032999s
[t=0.090788s, 20804 KB] Discovered 2 landmarks, of which 0 are disjunctive and 0 are conjunctive.
[t=0.090788s, 20804 KB] 1 edges
[t=0.090788s, 20804 KB] approx. reasonable orders
[t=0.090788s, 20804 KB] Landmarks generation time: 0.033972s
[t=0.090788s, 20804 KB] Discovered 2 landmarks, of which 0 are disjunctive and 0 are conjunctive.
[t=0.090788s, 20804 KB] 1 edges
[t=0.090788s, 20804 KB] Landmark graph generation time: 0.033972s
[t=0.090788s, 20804 KB] Landmark graph contains 2 landmarks, of which 0 are disjunctive and 0 are conjunctive.
[t=0.090788s, 20804 KB] Landmark graph contains 1 orderings.
[t=0.093788s, 20804 KB] Simplifying 15472 unary operators... done! [8686 unary operators]
[t=0.103788s, 20804 KB] time to simplify: 0.010000s
[t=0.104788s, 20804 KB] Initializing additive heuristic...
[t=0.104788s, 20804 KB] Initializing FF heuristic...
[t=0.104788s, 20804 KB] Building successor generator...done!
[t=0.108788s, 20968 KB] peak memory difference for successor generator creation: 164 KB
[t=0.108788s, 20968 KB] time for successor generation creation: 0.004000s
[t=0.108788s, 20968 KB] Variables: 112
[t=0.109788s, 20968 KB] FactPairs: 418
[t=0.109788s, 20968 KB] Bytes per state: 20
[t=0.109788s, 20968 KB] Conducting lazy best first search, (real) bound = 2147483647
[t=0.109788s, 20968 KB] New best heuristic value for landmark_sum_heuristic: 1
[t=0.109788s, 20968 KB] New best heuristic value for ff: 2
[t=0.109788s, 20968 KB] g=0, 1 evaluated, 0 expanded
[t=0.109788s, 20968 KB] Initial heuristic value for landmark_sum_heuristic: 1
[t=0.109788s, 20968 KB] Initial heuristic value for ff: 2
Peak memory: 118564 KB
caught signal 24 -- exiting
Time limit has been reached.
Remove intermediate file output.sas
search exit code: 23

Driver aborting after search
INFO     Planner time: 59.79s
