./fast-downward.sif --alias seq-opt-merge-and-shrink --overall-memory-limit 8G --overall-time-limit 60 --plan-file ./submissions/queens_example/marking/1/plan.p04.pddl ./submissions/queens_example/submissions/1/domain.pddl ./submissions/queens_example/submissions/1/p04.pddl
INFO     planner time limit: 60s
INFO     planner memory limit: 8192 MB

INFO     Running translator.
INFO     translator stdin: None
INFO     translator time limit: 59s
INFO     translator memory limit: 8192 MB
INFO     translator command line string: /usr/bin/python3 /workspace/downward/builds/release/bin/translate/translate.py submissions/queens_example/submissions/1/domain.pddl submissions/queens_example/submissions/1/p04.pddl --sas-file output.sas
Parsing...
Parsing: [0.010s CPU, 0.002s wall-clock]
Normalizing task... [0.000s CPU, 0.000s wall-clock]
Instantiating...
Generating Datalog program... [0.000s CPU, 0.000s wall-clock]
Normalizing Datalog program...
Normalizing Datalog program: [0.000s CPU, 0.002s wall-clock]
Preparing model... [0.000s CPU, 0.000s wall-clock]
Generated 34 rules.
Computing model... [0.000s CPU, 0.002s wall-clock]
354 relevant atoms
278 auxiliary atoms
632 final queue length
820 total queue pushes
Completing instantiation... [0.000s CPU, 0.002s wall-clock]
Instantiating: [0.000s CPU, 0.007s wall-clock]
Computing fact groups...
Finding invariants...
20 initial candidates
Finding invariants: [0.000s CPU, 0.001s wall-clock]
Checking invariant weight... [0.000s CPU, 0.000s wall-clock]
Instantiating groups... [0.000s CPU, 0.000s wall-clock]
Collecting mutex groups... [0.000s CPU, 0.000s wall-clock]
Choosing groups...
30 uncovered facts
Choosing groups: [0.000s CPU, 0.000s wall-clock]
Building translation key... [0.000s CPU, 0.000s wall-clock]
Computing fact groups: [0.010s CPU, 0.002s wall-clock]
Building STRIPS to SAS dictionary... [0.000s CPU, 0.000s wall-clock]
Building dictionary for full mutex groups... [0.000s CPU, 0.000s wall-clock]
Building mutex information...
Building mutex information: [0.000s CPU, 0.000s wall-clock]
Translating task...
Processing axioms...
Simplifying axioms... [0.000s CPU, 0.000s wall-clock]
Translator axioms removed by simplifying: 0
Processing axioms: [0.000s CPU, 0.000s wall-clock]
Translating task: [0.000s CPU, 0.003s wall-clock]
82 effect conditions simplified
0 implied preconditions added
Detecting unreachable propositions...
3 operators removed
0 axioms removed
14 propositions removed
Detecting unreachable propositions: [0.000s CPU, 0.001s wall-clock]
Reordering and filtering variables...
33 of 33 variables necessary.
1 of 8 mutex groups necessary.
123 of 123 operators necessary.
0 of 0 axiom rules necessary.
Reordering and filtering variables: [0.000s CPU, 0.001s wall-clock]
Translator variables: 33
Translator derived variables: 0
Translator facts: 108
Translator goal facts: 1
Translator mutex groups: 1
Translator total mutex groups size: 6
Translator operators: 123
Translator axioms: 0
Translator task size: 917
Translator peak memory: 32704 KB
Writing output... [0.000s CPU, 0.001s wall-clock]
Done! [0.020s CPU, 0.018s wall-clock]
translate exit code: 0

INFO     Running search (release).
INFO     search portfolio: /workspace/downward/driver/portfolios/seq_opt_merge_and_shrink.py
remaining time: 59.0
config 0: relative time 800, remaining time 1800, absolute time 26
args: [PosixPath('/workspace/downward/builds/release/bin/downward'), '--search', 'astar(merge_and_shrink(merge_strategy=merge_precomputed(merge_tree=linear(variable_order=reverse_level)),shrink_strategy=shrink_bisimulation(greedy=true),label_reduction=exact(before_shrinking=true,before_merging=false),max_states=infinity,threshold_before_merge=1))', '--internal-plan-file', PosixPath('submissions/queens_example/marking/1/plan.p04.pddl')]
INFO     search stdin: output.sas
INFO     search time limit: 26s
INFO     search memory limit: 8192 MB
INFO     search command line string: /workspace/downward/builds/release/bin/downward --search 'astar(merge_and_shrink(merge_strategy=merge_precomputed(merge_tree=linear(variable_order=reverse_level)),shrink_strategy=shrink_bisimulation(greedy=true),label_reduction=exact(before_shrinking=true,before_merging=false),max_states=infinity,threshold_before_merge=1))' --internal-plan-file submissions/queens_example/marking/1/plan.p04.pddl < output.sas
[t=0.001252s, 12124 KB] reading input...
[t=0.001994s, 12124 KB] done reading input!
[t=0.003181s, 12520 KB] Initializing merge-and-shrink heuristic...
[t=0.003181s, 12520 KB] Running merge-and-shrink algorithm...
[t=0.003181s, 12520 KB] Merge strategy options:
[t=0.003181s, 12520 KB] Type: precomputed
[t=0.003181s, 12520 KB] Merge tree options: 
[t=0.003181s, 12520 KB] Type: linear
[t=0.003181s, 12520 KB] Update option: use random
[t=0.003181s, 12520 KB] Variable order type: by reverse level

[t=0.003181s, 12520 KB] Options related to size limits and shrinking: 
[t=0.003181s, 12520 KB] Transition system size limit: 2147483647
[t=0.003181s, 12520 KB] Transition system size limit right before merge: 2147483647
[t=0.003181s, 12520 KB] Threshold to trigger shrinking right before merge: 1

[t=0.003181s, 12520 KB] Shrink strategy options: 
[t=0.003181s, 12520 KB] Type: bisimulation
[t=0.003181s, 12520 KB] Bisimulation type: greedy
[t=0.003181s, 12520 KB] At limit: return

[t=0.003181s, 12520 KB] Pruning unreachable states: yes
[t=0.004020s, 12520 KB] Pruning irrelevant states: yes

[t=0.004020s, 12520 KB] Label reduction options:
[t=0.004020s, 12520 KB] Before merging: disabled
[t=0.004020s, 12520 KB] Before shrinking: enabled
[t=0.004020s, 12520 KB] Method: all transition systems with fixpoint computation
[t=0.004020s, 12520 KB] System order: random

[t=0.004020s, 12520 KB] Main loop max time in seconds: inf


[t=0.004020s, 12520 KB] Building atomic transition systems... 
[t=0.004342s, 12520 KB] M&S algorithm timer: 0.001160s (after computation of atomic factors)

[t=0.004342s, 12520 KB] Starting main loop without a time limit.
[t=0.004342s, 12520 KB] building causal graph...done! [t=0.000000s]
[t=0.004342s, 12520 KB] Next pair of indices: (0, 1)
[t=0.004342s, 12520 KB] M&S algorithm main loop timer: 0.000000s (after computation of next merge)
[t=0.010993s, 12520 KB] M&S algorithm main loop timer: 0.006651s (after label reduction)
[t=0.010993s, 12520 KB] M&S algorithm main loop timer: 0.006651s (after shrinking)
[t=0.010993s, 12520 KB] M&S algorithm main loop timer: 0.006651s (after merging)

[t=0.010993s, 12520 KB] Next pair of indices: (33, 2)
[t=0.010993s, 12520 KB] M&S algorithm main loop timer: 0.006651s (after computation of next merge)
[t=0.014993s, 12520 KB] M&S algorithm main loop timer: 0.010652s (after shrinking)
[t=0.014993s, 12520 KB] M&S algorithm main loop timer: 0.010652s (after merging)

[t=0.014993s, 12520 KB] Next pair of indices: (34, 3)
[t=0.014993s, 12520 KB] M&S algorithm main loop timer: 0.010652s (after computation of next merge)
[t=0.019993s, 12520 KB] M&S algorithm main loop timer: 0.015652s (after label reduction)
[t=0.019993s, 12520 KB] M&S algorithm main loop timer: 0.015652s (after shrinking)
[t=0.019993s, 12520 KB] M&S algorithm main loop timer: 0.015652s (after merging)

[t=0.019993s, 12520 KB] Next pair of indices: (35, 4)
[t=0.019993s, 12520 KB] M&S algorithm main loop timer: 0.015652s (after computation of next merge)
[t=0.023993s, 12520 KB] M&S algorithm main loop timer: 0.019652s (after shrinking)
[t=0.023993s, 12520 KB] M&S algorithm main loop timer: 0.019652s (after merging)

[t=0.023993s, 12520 KB] Next pair of indices: (36, 5)
[t=0.023993s, 12520 KB] M&S algorithm main loop timer: 0.019652s (after computation of next merge)
[t=0.028993s, 12520 KB] M&S algorithm main loop timer: 0.024651s (after label reduction)
[t=0.028993s, 12520 KB] M&S algorithm main loop timer: 0.024651s (after shrinking)
[t=0.028993s, 12520 KB] M&S algorithm main loop timer: 0.024651s (after merging)

[t=0.028993s, 12520 KB] Next pair of indices: (37, 6)
[t=0.028993s, 12520 KB] M&S algorithm main loop timer: 0.024651s (after computation of next merge)
[t=0.031993s, 12520 KB] M&S algorithm main loop timer: 0.027652s (after shrinking)
[t=0.031993s, 12520 KB] M&S algorithm main loop timer: 0.027652s (after merging)

[t=0.031993s, 12520 KB] Next pair of indices: (38, 7)
[t=0.031993s, 12520 KB] M&S algorithm main loop timer: 0.027652s (after computation of next merge)
[t=0.034993s, 12520 KB] M&S algorithm main loop timer: 0.030651s (after shrinking)
[t=0.034993s, 12520 KB] M&S algorithm main loop timer: 0.030651s (after merging)

[t=0.034993s, 12520 KB] Next pair of indices: (39, 8)
[t=0.034993s, 12520 KB] M&S algorithm main loop timer: 0.030651s (after computation of next merge)
[t=0.038993s, 12520 KB] M&S algorithm main loop timer: 0.034651s (after label reduction)
[t=0.038993s, 12520 KB] M&S algorithm main loop timer: 0.034651s (after shrinking)
[t=0.038993s, 12520 KB] M&S algorithm main loop timer: 0.034651s (after merging)

[t=0.038993s, 12520 KB] Next pair of indices: (40, 9)
[t=0.038993s, 12520 KB] M&S algorithm main loop timer: 0.034651s (after computation of next merge)
[t=0.042993s, 12520 KB] M&S algorithm main loop timer: 0.038651s (after label reduction)
[t=0.042993s, 12520 KB] M&S algorithm main loop timer: 0.038651s (after shrinking)
[t=0.042993s, 12520 KB] M&S algorithm main loop timer: 0.038651s (after merging)

[t=0.042993s, 12520 KB] Next pair of indices: (41, 10)
[t=0.042993s, 12520 KB] M&S algorithm main loop timer: 0.038651s (after computation of next merge)
[t=0.045993s, 12520 KB] M&S algorithm main loop timer: 0.041651s (after label reduction)
[t=0.045993s, 12520 KB] M&S algorithm main loop timer: 0.041651s (after shrinking)
[t=0.045993s, 12520 KB] M&S algorithm main loop timer: 0.041651s (after merging)

[t=0.045993s, 12520 KB] Next pair of indices: (42, 11)
[t=0.045993s, 12520 KB] M&S algorithm main loop timer: 0.041651s (after computation of next merge)
[t=0.048993s, 12520 KB] M&S algorithm main loop timer: 0.044651s (after label reduction)
[t=0.048993s, 12520 KB] M&S algorithm main loop timer: 0.045652s (after shrinking)
[t=0.049993s, 12520 KB] M&S algorithm main loop timer: 0.045652s (after merging)

[t=0.049993s, 12520 KB] Next pair of indices: (43, 12)
[t=0.049993s, 12520 KB] M&S algorithm main loop timer: 0.045652s (after computation of next merge)
[t=0.051993s, 12520 KB] M&S algorithm main loop timer: 0.047651s (after label reduction)
[t=0.051993s, 12520 KB] M&S algorithm main loop timer: 0.047651s (after shrinking)
[t=0.051993s, 12520 KB] M&S algorithm main loop timer: 0.047651s (after merging)

[t=0.051993s, 12520 KB] Next pair of indices: (44, 13)
[t=0.051993s, 12520 KB] M&S algorithm main loop timer: 0.047651s (after computation of next merge)
[t=0.054993s, 12520 KB] M&S algorithm main loop timer: 0.050651s (after label reduction)
[t=0.054993s, 12520 KB] M&S algorithm main loop timer: 0.050651s (after shrinking)
[t=0.054993s, 12520 KB] M&S algorithm main loop timer: 0.050651s (after merging)

[t=0.054993s, 12520 KB] Next pair of indices: (45, 14)
[t=0.054993s, 12520 KB] M&S algorithm main loop timer: 0.050651s (after computation of next merge)
[t=0.056993s, 12520 KB] M&S algorithm main loop timer: 0.052651s (after label reduction)
[t=0.056993s, 12520 KB] M&S algorithm main loop timer: 0.052651s (after shrinking)
[t=0.056993s, 12520 KB] M&S algorithm main loop timer: 0.052651s (after merging)

[t=0.056993s, 12520 KB] Next pair of indices: (46, 15)
[t=0.056993s, 12520 KB] M&S algorithm main loop timer: 0.052651s (after computation of next merge)
[t=0.058993s, 12520 KB] M&S algorithm main loop timer: 0.054652s (after label reduction)
[t=0.058993s, 12520 KB] M&S algorithm main loop timer: 0.054652s (after shrinking)
[t=0.058993s, 12520 KB] M&S algorithm main loop timer: 0.054652s (after merging)

[t=0.058993s, 12520 KB] Next pair of indices: (47, 16)
[t=0.058993s, 12520 KB] M&S algorithm main loop timer: 0.054652s (after computation of next merge)
[t=0.060993s, 12520 KB] M&S algorithm main loop timer: 0.056652s (after label reduction)
[t=0.060993s, 12520 KB] M&S algorithm main loop timer: 0.056652s (after shrinking)
[t=0.060993s, 12520 KB] M&S algorithm main loop timer: 0.056652s (after merging)

[t=0.060993s, 12520 KB] Next pair of indices: (48, 17)
[t=0.060993s, 12520 KB] M&S algorithm main loop timer: 0.056652s (after computation of next merge)
[t=0.062993s, 12520 KB] M&S algorithm main loop timer: 0.058651s (after label reduction)
[t=0.062993s, 12520 KB] M&S algorithm main loop timer: 0.058651s (after shrinking)
[t=0.062993s, 12520 KB] M&S algorithm main loop timer: 0.058651s (after merging)

[t=0.062993s, 12520 KB] Next pair of indices: (49, 18)
[t=0.062993s, 12520 KB] M&S algorithm main loop timer: 0.058651s (after computation of next merge)
[t=0.063993s, 12520 KB] M&S algorithm main loop timer: 0.059652s (after label reduction)
[t=0.063993s, 12520 KB] M&S algorithm main loop timer: 0.059652s (after shrinking)
[t=0.063993s, 12520 KB] M&S algorithm main loop timer: 0.059652s (after merging)

[t=0.063993s, 12520 KB] Next pair of indices: (50, 19)
[t=0.063993s, 12520 KB] M&S algorithm main loop timer: 0.059652s (after computation of next merge)
[t=0.064994s, 12520 KB] M&S algorithm main loop timer: 0.060652s (after shrinking)
[t=0.064994s, 12520 KB] M&S algorithm main loop timer: 0.060652s (after merging)

[t=0.064994s, 12520 KB] Next pair of indices: (51, 20)
[t=0.064994s, 12520 KB] M&S algorithm main loop timer: 0.060652s (after computation of next merge)
[t=0.065993s, 12520 KB] M&S algorithm main loop timer: 0.061652s (after shrinking)
[t=0.065993s, 12520 KB] M&S algorithm main loop timer: 0.061652s (after merging)

[t=0.065993s, 12520 KB] Next pair of indices: (52, 21)
[t=0.065993s, 12520 KB] M&S algorithm main loop timer: 0.061652s (after computation of next merge)
[t=0.066993s, 12520 KB] M&S algorithm main loop timer: 0.062652s (after shrinking)
[t=0.066993s, 12520 KB] M&S algorithm main loop timer: 0.062652s (after merging)

[t=0.066993s, 12520 KB] Next pair of indices: (53, 22)
[t=0.066993s, 12520 KB] M&S algorithm main loop timer: 0.062652s (after computation of next merge)
[t=0.066993s, 12520 KB] M&S algorithm main loop timer: 0.062652s (after shrinking)
[t=0.066993s, 12520 KB] M&S algorithm main loop timer: 0.062652s (after merging)

[t=0.066993s, 12520 KB] Next pair of indices: (54, 23)
[t=0.066993s, 12520 KB] M&S algorithm main loop timer: 0.062652s (after computation of next merge)
[t=0.067993s, 12520 KB] M&S algorithm main loop timer: 0.063652s (after shrinking)
[t=0.067993s, 12520 KB] M&S algorithm main loop timer: 0.063652s (after merging)

[t=0.067993s, 12520 KB] Next pair of indices: (55, 24)
[t=0.067993s, 12520 KB] M&S algorithm main loop timer: 0.063652s (after computation of next merge)
[t=0.067993s, 12520 KB] M&S algorithm main loop timer: 0.063652s (after shrinking)
[t=0.067993s, 12520 KB] M&S algorithm main loop timer: 0.063652s (after merging)

[t=0.067993s, 12520 KB] Next pair of indices: (56, 25)
[t=0.067993s, 12520 KB] M&S algorithm main loop timer: 0.063652s (after computation of next merge)
[t=0.068993s, 12520 KB] M&S algorithm main loop timer: 0.064652s (after shrinking)
[t=0.068993s, 12520 KB] M&S algorithm main loop timer: 0.064652s (after merging)

[t=0.068993s, 12520 KB] Next pair of indices: (57, 26)
[t=0.068993s, 12520 KB] M&S algorithm main loop timer: 0.064652s (after computation of next merge)
[t=0.068993s, 12520 KB] M&S algorithm main loop timer: 0.064652s (after shrinking)
[t=0.068993s, 12520 KB] M&S algorithm main loop timer: 0.064652s (after merging)

[t=0.068993s, 12520 KB] Next pair of indices: (58, 27)
[t=0.068993s, 12520 KB] M&S algorithm main loop timer: 0.064652s (after computation of next merge)
[t=0.069993s, 12520 KB] M&S algorithm main loop timer: 0.065652s (after label reduction)
[t=0.069993s, 12520 KB] M&S algorithm main loop timer: 0.065652s (after shrinking)
[t=0.069993s, 12520 KB] M&S algorithm main loop timer: 0.065652s (after merging)

[t=0.069993s, 12520 KB] Next pair of indices: (59, 28)
[t=0.069993s, 12520 KB] M&S algorithm main loop timer: 0.065652s (after computation of next merge)
[t=0.069993s, 12520 KB] M&S algorithm main loop timer: 0.065652s (after label reduction)
[t=0.069993s, 12520 KB] M&S algorithm main loop timer: 0.065652s (after shrinking)
[t=0.069993s, 12520 KB] M&S algorithm main loop timer: 0.065652s (after merging)

[t=0.069993s, 12520 KB] Next pair of indices: (60, 29)
[t=0.069993s, 12520 KB] M&S algorithm main loop timer: 0.065652s (after computation of next merge)
[t=0.069993s, 12520 KB] M&S algorithm main loop timer: 0.065652s (after label reduction)
[t=0.069993s, 12520 KB] M&S algorithm main loop timer: 0.065652s (after shrinking)
[t=0.069993s, 12520 KB] M&S algorithm main loop timer: 0.065652s (after merging)

[t=0.069993s, 12520 KB] Next pair of indices: (61, 30)
[t=0.069993s, 12520 KB] M&S algorithm main loop timer: 0.065652s (after computation of next merge)
[t=0.069993s, 12520 KB] M&S algorithm main loop timer: 0.065652s (after label reduction)
[t=0.069993s, 12520 KB] M&S algorithm main loop timer: 0.065652s (after shrinking)
[t=0.069993s, 12520 KB] M&S algorithm main loop timer: 0.065652s (after merging)

[t=0.069993s, 12520 KB] Next pair of indices: (62, 31)
[t=0.069993s, 12520 KB] M&S algorithm main loop timer: 0.065652s (after computation of next merge)
[t=0.069993s, 12520 KB] M&S algorithm main loop timer: 0.065652s (after label reduction)
[t=0.069993s, 12520 KB] M&S algorithm main loop timer: 0.065652s (after shrinking)
[t=0.069993s, 12520 KB] M&S algorithm main loop timer: 0.065652s (after merging)

[t=0.069993s, 12520 KB] Next pair of indices: (63, 32)
[t=0.069993s, 12520 KB] M&S algorithm main loop timer: 0.065652s (after computation of next merge)
[t=0.069993s, 12520 KB] M&S algorithm main loop timer: 0.066652s (after label reduction)
[t=0.070994s, 12520 KB] M&S algorithm main loop timer: 0.066652s (after shrinking)
[t=0.070994s, 12520 KB] M&S algorithm main loop timer: 0.066652s (after merging)

[t=0.070994s, 12520 KB] End of merge-and-shrink algorithm, statistics:
[t=0.070994s, 12520 KB] Main loop runtime: 0.066652s
[t=0.070994s, 12520 KB] Maximum intermediate abstraction size: 9
[t=0.070994s, 12520 KB] Final peak memory increase of merge-and-shrink algorithm: 0 KB
[t=0.070994s, 12520 KB] Merge-and-shrink algorithm runtime: 0.067812s

[t=0.070994s, 12520 KB] Number of remaining factors: 1
[t=0.070994s, 12520 KB] Number of factors kept: 1
[t=0.070994s, 12520 KB] Done initializing merge-and-shrink heuristic.

[t=0.070994s, 12520 KB] Building successor generator...done!
[t=0.070994s, 12520 KB] peak memory difference for successor generator creation: 0 KB
[t=0.070994s, 12520 KB] time for successor generation creation: 0.000000s
[t=0.070994s, 12520 KB] Variables: 33
[t=0.070994s, 12520 KB] FactPairs: 108
[t=0.070994s, 12520 KB] Bytes per state: 8
[t=0.070994s, 12520 KB] Conducting best first search with reopening closed nodes, (real) bound = 2147483647
[t=0.070994s, 12520 KB] New best heuristic value for merge_and_shrink: 4
[t=0.070994s, 12520 KB] g=0, 1 evaluated, 0 expanded
[t=0.070994s, 12520 KB] f = 4, 1 evaluated, 0 expanded
[t=0.070994s, 12520 KB] Initial heuristic value for merge_and_shrink: 4
[t=0.070994s, 12520 KB] pruning method: none
[t=0.070994s, 12520 KB] f = 5, 3 evaluated, 1 expanded
[t=0.070994s, 12520 KB] f = 6, 5 evaluated, 3 expanded
[t=0.070994s, 12520 KB] New best heuristic value for merge_and_shrink: 3
[t=0.070994s, 12520 KB] g=3, 6 evaluated, 4 expanded
[t=0.070994s, 12520 KB] f = 7, 13 evaluated, 6 expanded
[t=0.070994s, 12520 KB] New best heuristic value for merge_and_shrink: 2
[t=0.070994s, 12520 KB] g=5, 18 evaluated, 8 expanded
[t=0.070994s, 12520 KB] f = 8, 30 evaluated, 14 expanded
[t=0.070994s, 12520 KB] f = 9, 73 evaluated, 33 expanded
[t=0.071994s, 12520 KB] f = 10, 157 evaluated, 75 expanded
[t=0.071994s, 12520 KB] f = 11, 273 evaluated, 150 expanded
[t=0.071994s, 12520 KB] f = 12, 426 evaluated, 251 expanded
[t=0.071994s, 12520 KB] f = 13, 615 evaluated, 402 expanded
[t=0.072993s, 12520 KB] f = 14, 880 evaluated, 605 expanded
[t=0.073993s, 12520 KB] f = 15, 1177 evaluated, 856 expanded
[t=0.073993s, 12520 KB] f = 16, 1563 evaluated, 1146 expanded
[t=0.074993s, 12520 KB] f = 17, 2040 evaluated, 1522 expanded
[t=0.075993s, 12656 KB] f = 18, 2587 evaluated, 1975 expanded
[t=0.076993s, 12656 KB] f = 19, 3112 evaluated, 2469 expanded
[t=0.077994s, 12656 KB] f = 20, 3643 evaluated, 3003 expanded
[t=0.079993s, 12656 KB] f = 21, 4225 evaluated, 3582 expanded
[t=0.080994s, 12656 KB] f = 22, 4891 evaluated, 4167 expanded
[t=0.081993s, 12656 KB] f = 23, 5733 evaluated, 4799 expanded
[t=0.084993s, 12792 KB] f = 24, 7010 evaluated, 5644 expanded
[t=0.087993s, 12924 KB] f = 25, 8926 evaluated, 6861 expanded
[t=0.092993s, 12924 KB] f = 26, 11834 evaluated, 8690 expanded
[t=0.100993s, 13320 KB] f = 27, 16182 evaluated, 11369 expanded
[t=0.101993s, 13320 KB] New best heuristic value for merge_and_shrink: 1
[t=0.101993s, 13320 KB] g=26, 17134 evaluated, 11936 expanded
[t=0.110993s, 13460 KB] f = 28, 22589 evaluated, 15492 expanded
[t=0.127986s, 13976 KB] f = 29, 31685 evaluated, 21526 expanded
[t=0.148985s, 14260 KB] f = 30, 44478 evaluated, 30263 expanded
[t=0.181985s, 15696 KB] f = 31, 62341 evaluated, 42516 expanded
[t=0.222985s, 15864 KB] f = 32, 87009 evaluated, 59768 expanded
[t=0.284975s, 18732 KB] f = 33, 120255 evaluated, 83563 expanded
[t=0.360967s, 19180 KB] f = 34, 164526 evaluated, 115573 expanded
[t=0.459916s, 20792 KB] f = 35, 222309 evaluated, 158255 expanded
[t=0.599907s, 25028 KB] f = 36, 296185 evaluated, 213792 expanded
[t=0.770881s, 27536 KB] f = 37, 389819 evaluated, 285509 expanded
[t=1.004828s, 37064 KB] f = 38, 504524 evaluated, 375445 expanded
[t=1.255776s, 38852 KB] f = 39, 640436 evaluated, 485418 expanded
[t=1.551755s, 43276 KB] f = 40, 798163 evaluated, 616636 expanded
[t=1.943723s, 61668 KB] f = 41, 977153 evaluated, 769937 expanded
[t=2.370101s, 62044 KB] f = 42, 1175360 evaluated, 945393 expanded
[t=2.813048s, 67960 KB] f = 43, 1390527 evaluated, 1141725 expanded
[t=2.818047s, 68096 KB] New best heuristic value for merge_and_shrink: 0
[t=2.818047s, 68096 KB] g=43, 1392830 evaluated, 1143994 expanded
[t=2.818047s, 68096 KB] Solution found!
[t=2.818047s, 68096 KB] Actual search time: 2.747054s
pick-up loc-1-2 key1 (1)
unlock loc-1-2 c1221 red key1 (1)
drop loc-1-2 key1 (1)
pick-up loc-1-2 key2 (1)
unlock loc-1-2 c1213 yellow key2 (1)
move loc-1-2 loc-2-1 c1221 (1)
clean loc-2-1 (1)
unlock loc-2-1 c2122 yellow key2 (1)
drop loc-2-1 key2 (1)
pick-up loc-2-1 key3 (1)
move loc-2-1 loc-2-2 c2122 (1)
unlock loc-2-2 c1222 purple key3 (1)
drop loc-2-2 key3 (1)
move loc-2-2 loc-1-2 c1222 (1)
pick-up loc-1-2 key1 (1)
move loc-1-2 loc-2-2 c1222 (1)
unlock loc-2-2 c2232 red key1 (1)
move loc-2-2 loc-2-1 c2122 (1)
unlock loc-2-1 c2131 red key1 (1)
unlock loc-2-1 c2132 red key1 (1)
move loc-2-1 loc-2-2 c2122 (1)
drop loc-2-2 key1 (1)
move loc-2-2 loc-1-2 c1222 (1)
move loc-1-2 loc-1-3 c1213 (1)
pick-up loc-1-3 key4 (1)
move loc-1-3 loc-1-2 c1213 (1)
move loc-1-2 loc-2-2 c1222 (1)
move loc-2-2 loc-2-1 c2122 (1)
move loc-2-1 loc-3-2 c2132 (1)
unlock loc-3-2 c3233 green key4 (1)
drop loc-3-2 key4 (1)
move loc-3-2 loc-2-2 c2232 (1)
move loc-2-2 loc-1-2 c1222 (1)
move loc-1-2 loc-1-3 c1213 (1)
pick-up loc-1-3 key5 (1)
move loc-1-3 loc-1-2 c1213 (1)
move loc-1-2 loc-2-2 c1222 (1)
move loc-2-2 loc-2-1 c2122 (1)
move loc-2-1 loc-3-1 c2131 (1)
move loc-3-1 loc-3-2 c3132 (1)
move loc-3-2 loc-3-3 c3233 (1)
unlock loc-3-3 c3323 rainbow key5 (1)
move loc-3-3 loc-2-3 c3323 (1)
[t=2.818047s, 68096 KB] Plan length: 43 step(s).
[t=2.818047s, 68096 KB] Plan cost: 43
[t=2.818047s, 68096 KB] Expanded 1143995 state(s).
[t=2.818047s, 68096 KB] Reopened 0 state(s).
[t=2.818047s, 68096 KB] Evaluated 1392831 state(s).
[t=2.818047s, 68096 KB] Evaluations: 1392831
[t=2.818047s, 68096 KB] Generated 2998509 state(s).
[t=2.818047s, 68096 KB] Dead ends: 0 state(s).
[t=2.818047s, 68096 KB] Expanded until last jump: 1141725 state(s).
[t=2.818047s, 68096 KB] Reopened until last jump: 0 state(s).
[t=2.818047s, 68096 KB] Evaluated until last jump: 1390527 state(s).
[t=2.818047s, 68096 KB] Generated until last jump: 2993862 state(s).
[t=2.818047s, 68096 KB] Number of registered states: 1392831
[t=2.818047s, 68096 KB] Int hash set load factor: 1392831/2097152 = 0.664154
[t=2.818047s, 68096 KB] Int hash set resizes: 21
[t=2.818047s, 68096 KB] Search time: 2.747054s
[t=2.818047s, 68096 KB] Total time: 2.818047s
Solution found.
Peak memory: 68096 KB
exitcode: 0

Exit codes: [0]
Remove intermediate file output.sas
search exit code: 0

INFO     Planner time: 2.99s
