./fast-downward.sif --alias seq-opt-merge-and-shrink --overall-memory-limit 8G --overall-time-limit 60 --plan-file data/example_2/marking/1/plan.p04.pddl data/example_2/submissions/1/domain.pddl data/example_2/submissions/1/p04.pddl
INFO     planner time limit: 60s
INFO     planner memory limit: 8192 MB

INFO     Running translator.
INFO     translator stdin: None
INFO     translator time limit: 59s
INFO     translator memory limit: 8192 MB
INFO     translator command line string: /usr/bin/python3 /workspace/downward/builds/release/bin/translate/translate.py data/example_2/submissions/1/domain.pddl data/example_2/submissions/1/p04.pddl --sas-file output.sas
Parsing...
Parsing: [0.000s CPU, 0.003s wall-clock]
Normalizing task... [0.000s CPU, 0.000s wall-clock]
Instantiating...
Generating Datalog program... [0.000s CPU, 0.000s wall-clock]
Normalizing Datalog program...
Normalizing Datalog program: [0.010s CPU, 0.004s wall-clock]
Preparing model... [0.000s CPU, 0.002s wall-clock]
Generated 90 rules.
Computing model... [0.000s CPU, 0.002s wall-clock]
173 relevant atoms
269 auxiliary atoms
442 final queue length
546 total queue pushes
Completing instantiation... [0.000s CPU, 0.001s wall-clock]
Instantiating: [0.010s CPU, 0.010s wall-clock]
Computing fact groups...
Finding invariants...
36 initial candidates
Finding invariants: [0.000s CPU, 0.002s wall-clock]
Checking invariant weight... [0.000s CPU, 0.000s wall-clock]
Instantiating groups... [0.000s CPU, 0.000s wall-clock]
Collecting mutex groups... [0.000s CPU, 0.000s wall-clock]
Choosing groups...
17 uncovered facts
Choosing groups: [0.000s CPU, 0.000s wall-clock]
Building translation key... [0.000s CPU, 0.000s wall-clock]
Computing fact groups: [0.000s CPU, 0.002s wall-clock]
Building STRIPS to SAS dictionary... [0.000s CPU, 0.000s wall-clock]
Building dictionary for full mutex groups... [0.000s CPU, 0.000s wall-clock]
Building mutex information...
Building mutex information: [0.000s CPU, 0.000s wall-clock]
Translating task...
Processing axioms...
Simplifying axioms... [0.000s CPU, 0.000s wall-clock]
Translator axioms removed by simplifying: 0
Processing axioms: [0.000s CPU, 0.000s wall-clock]
Translating task: [0.000s CPU, 0.001s wall-clock]
16 effect conditions simplified
0 implied preconditions added
Detecting unreachable propositions...
0 operators removed
0 axioms removed
12 propositions removed
Detecting unreachable propositions: [0.010s CPU, 0.001s wall-clock]
Reordering and filtering variables...
13 of 23 variables necessary.
0 of 8 mutex groups necessary.
42 of 63 operators necessary.
0 of 0 axiom rules necessary.
Reordering and filtering variables: [0.000s CPU, 0.000s wall-clock]
Translator variables: 13
Translator derived variables: 0
Translator facts: 28
Translator goal facts: 3
Translator mutex groups: 0
Translator total mutex groups size: 0
Translator operators: 42
Translator axioms: 0
Translator task size: 217
Translator peak memory: 32720 KB
Writing output... [0.000s CPU, 0.000s wall-clock]
Done! [0.020s CPU, 0.018s wall-clock]
translate exit code: 0

INFO     Running search (release).
INFO     search portfolio: /workspace/downward/driver/portfolios/seq_opt_merge_and_shrink.py
remaining time: 59.0
config 0: relative time 800, remaining time 1800, absolute time 26
args: [PosixPath('/workspace/downward/builds/release/bin/downward'), '--search', 'astar(merge_and_shrink(merge_strategy=merge_precomputed(merge_tree=linear(variable_order=reverse_level)),shrink_strategy=shrink_bisimulation(greedy=true),label_reduction=exact(before_shrinking=true,before_merging=false),max_states=infinity,threshold_before_merge=1))', '--internal-plan-file', PosixPath('data/example_2/marking/1/plan.p04.pddl')]
INFO     search stdin: output.sas
INFO     search time limit: 26s
INFO     search memory limit: 8192 MB
INFO     search command line string: /workspace/downward/builds/release/bin/downward --search 'astar(merge_and_shrink(merge_strategy=merge_precomputed(merge_tree=linear(variable_order=reverse_level)),shrink_strategy=shrink_bisimulation(greedy=true),label_reduction=exact(before_shrinking=true,before_merging=false),max_states=infinity,threshold_before_merge=1))' --internal-plan-file data/example_2/marking/1/plan.p04.pddl < output.sas
[t=0.001480s, 12132 KB] reading input...
[t=0.001985s, 12132 KB] done reading input!
[t=0.003501s, 12396 KB] Initializing merge-and-shrink heuristic...
[t=0.004085s, 12396 KB] Running merge-and-shrink algorithm...
[t=0.004085s, 12396 KB] Merge strategy options:
[t=0.004085s, 12396 KB] Type: precomputed
[t=0.004085s, 12396 KB] Merge tree options: 
[t=0.004085s, 12396 KB] Type: linear
[t=0.004085s, 12396 KB] Update option: use random
[t=0.004085s, 12396 KB] Variable order type: by reverse level

[t=0.004085s, 12396 KB] Options related to size limits and shrinking: 
[t=0.004085s, 12396 KB] Transition system size limit: 2147483647
[t=0.004085s, 12396 KB] Transition system size limit right before merge: 2147483647
[t=0.004085s, 12396 KB] Threshold to trigger shrinking right before merge: 1

[t=0.004085s, 12396 KB] Shrink strategy options: 
[t=0.004085s, 12396 KB] Type: bisimulation
[t=0.004085s, 12396 KB] Bisimulation type: greedy
[t=0.004085s, 12396 KB] At limit: return

[t=0.004085s, 12396 KB] Pruning unreachable states: yes
[t=0.004085s, 12396 KB] Pruning irrelevant states: yes

[t=0.004085s, 12396 KB] Label reduction options:
[t=0.004085s, 12396 KB] Before merging: disabled
[t=0.004085s, 12396 KB] Before shrinking: enabled
[t=0.004085s, 12396 KB] Method: all transition systems with fixpoint computation
[t=0.004085s, 12396 KB] System order: random

[t=0.004085s, 12396 KB] Main loop max time in seconds: inf


[t=0.004085s, 12396 KB] Building atomic transition systems... 
[t=0.004707s, 12396 KB] M&S algorithm timer: 0.000622s (after computation of atomic factors)

[t=0.004707s, 12396 KB] Starting main loop without a time limit.
[t=0.004707s, 12396 KB] building causal graph...done! [t=0.000000s]
[t=0.004707s, 12396 KB] Next pair of indices: (0, 1)
[t=0.004707s, 12396 KB] M&S algorithm main loop timer: 0.000000s (after computation of next merge)
[t=0.005053s, 12396 KB] M&S algorithm main loop timer: 0.000346s (after label reduction)
[t=0.005053s, 12396 KB] M&S algorithm main loop timer: 0.000346s (after shrinking)
[t=0.005053s, 12396 KB] M&S algorithm main loop timer: 0.000346s (after merging)

[t=0.005053s, 12396 KB] Next pair of indices: (13, 2)
[t=0.005053s, 12396 KB] M&S algorithm main loop timer: 0.000346s (after computation of next merge)
[t=0.005053s, 12396 KB] M&S algorithm main loop timer: 0.000346s (after label reduction)
[t=0.005053s, 12396 KB] M&S algorithm main loop timer: 0.000346s (after shrinking)
[t=0.005053s, 12396 KB] M&S algorithm main loop timer: 0.000346s (after merging)

[t=0.005053s, 12396 KB] Next pair of indices: (14, 3)
[t=0.005053s, 12396 KB] M&S algorithm main loop timer: 0.000346s (after computation of next merge)
[t=0.005053s, 12396 KB] M&S algorithm main loop timer: 0.000346s (after label reduction)
[t=0.005053s, 12396 KB] M&S algorithm main loop timer: 0.000346s (after merging)

[t=0.005053s, 12396 KB] Next pair of indices: (15, 4)
[t=0.005053s, 12396 KB] M&S algorithm main loop timer: 0.000346s (after computation of next merge)
[t=0.005053s, 12396 KB] M&S algorithm main loop timer: 0.000346s (after shrinking)
[t=0.005053s, 12396 KB] M&S algorithm main loop timer: 0.000346s (after merging)

[t=0.005053s, 12396 KB] Next pair of indices: (16, 5)
[t=0.005053s, 12396 KB] M&S algorithm main loop timer: 0.000346s (after computation of next merge)
[t=0.005053s, 12396 KB] M&S algorithm main loop timer: 0.000346s (after label reduction)
[t=0.005053s, 12396 KB] M&S algorithm main loop timer: 0.000346s (after shrinking)
[t=0.005053s, 12396 KB] M&S algorithm main loop timer: 0.000346s (after merging)

[t=0.005053s, 12396 KB] Next pair of indices: (17, 6)
[t=0.005053s, 12396 KB] M&S algorithm main loop timer: 0.000346s (after computation of next merge)
[t=0.005053s, 12396 KB] M&S algorithm main loop timer: 0.000346s (after label reduction)
[t=0.005053s, 12396 KB] M&S algorithm main loop timer: 0.001346s (after shrinking)
[t=0.006053s, 12396 KB] M&S algorithm main loop timer: 0.001346s (after merging)

[t=0.006053s, 12396 KB] Next pair of indices: (18, 7)
[t=0.006053s, 12396 KB] M&S algorithm main loop timer: 0.001346s (after computation of next merge)
[t=0.006053s, 12396 KB] M&S algorithm main loop timer: 0.001346s (after label reduction)
[t=0.006053s, 12396 KB] M&S algorithm main loop timer: 0.001346s (after shrinking)
[t=0.006053s, 12396 KB] M&S algorithm main loop timer: 0.001346s (after merging)

[t=0.006053s, 12396 KB] Next pair of indices: (19, 8)
[t=0.006053s, 12396 KB] M&S algorithm main loop timer: 0.001346s (after computation of next merge)
[t=0.006053s, 12396 KB] M&S algorithm main loop timer: 0.001346s (after label reduction)
[t=0.006053s, 12396 KB] M&S algorithm main loop timer: 0.001346s (after shrinking)
[t=0.006053s, 12396 KB] M&S algorithm main loop timer: 0.001346s (after merging)

[t=0.006053s, 12396 KB] Next pair of indices: (20, 9)
[t=0.006053s, 12396 KB] M&S algorithm main loop timer: 0.001346s (after computation of next merge)
[t=0.006053s, 12396 KB] M&S algorithm main loop timer: 0.001346s (after label reduction)
[t=0.006053s, 12396 KB] M&S algorithm main loop timer: 0.001346s (after shrinking)
[t=0.006053s, 12396 KB] M&S algorithm main loop timer: 0.001346s (after merging)

[t=0.006053s, 12396 KB] Next pair of indices: (21, 10)
[t=0.006053s, 12396 KB] M&S algorithm main loop timer: 0.001346s (after computation of next merge)
[t=0.006053s, 12396 KB] M&S algorithm main loop timer: 0.001346s (after label reduction)
[t=0.006053s, 12396 KB] M&S algorithm main loop timer: 0.001346s (after shrinking)
[t=0.006053s, 12396 KB] M&S algorithm main loop timer: 0.001346s (after merging)

[t=0.006053s, 12396 KB] Next pair of indices: (22, 11)
[t=0.006053s, 12396 KB] M&S algorithm main loop timer: 0.001346s (after computation of next merge)
[t=0.006053s, 12396 KB] M&S algorithm main loop timer: 0.001346s (after label reduction)
[t=0.006053s, 12396 KB] M&S algorithm main loop timer: 0.001346s (after merging)

[t=0.006053s, 12396 KB] Next pair of indices: (23, 12)
[t=0.006053s, 12396 KB] M&S algorithm main loop timer: 0.001346s (after computation of next merge)
[t=0.006053s, 12396 KB] M&S algorithm main loop timer: 0.001346s (after label reduction)
[t=0.006053s, 12396 KB] M&S algorithm main loop timer: 0.001346s (after shrinking)
[t=0.006053s, 12396 KB] M&S algorithm main loop timer: 0.001346s (after merging)

[t=0.006053s, 12396 KB] End of merge-and-shrink algorithm, statistics:
[t=0.006053s, 12396 KB] Main loop runtime: 0.001346s
[t=0.006053s, 12396 KB] Maximum intermediate abstraction size: 6
[t=0.006053s, 12396 KB] Final peak memory increase of merge-and-shrink algorithm: 0 KB
[t=0.006053s, 12396 KB] Merge-and-shrink algorithm runtime: 0.001967s

[t=0.006053s, 12396 KB] Number of remaining factors: 1
[t=0.006053s, 12396 KB] Number of factors kept: 1
[t=0.006053s, 12396 KB] Done initializing merge-and-shrink heuristic.

[t=0.006053s, 12396 KB] Building successor generator...done!
[t=0.007053s, 12396 KB] peak memory difference for successor generator creation: 0 KB
[t=0.007053s, 12396 KB] time for successor generation creation: 0.000000s
[t=0.007053s, 12396 KB] Variables: 13
[t=0.007053s, 12396 KB] FactPairs: 28
[t=0.007053s, 12396 KB] Bytes per state: 4
[t=0.007053s, 12396 KB] Conducting best first search with reopening closed nodes, (real) bound = 2147483647
[t=0.007053s, 12396 KB] New best heuristic value for merge_and_shrink: 3
[t=0.007053s, 12396 KB] g=0, 1 evaluated, 0 expanded
[t=0.007053s, 12396 KB] f = 3, 1 evaluated, 0 expanded
[t=0.007053s, 12532 KB] Initial heuristic value for merge_and_shrink: 3
[t=0.007053s, 12532 KB] pruning method: none
[t=0.007053s, 12532 KB] f = 4, 6 evaluated, 1 expanded
[t=0.007053s, 12532 KB] New best heuristic value for merge_and_shrink: 2
[t=0.007053s, 12532 KB] g=2, 17 evaluated, 5 expanded
[t=0.007053s, 12532 KB] f = 5, 25 evaluated, 7 expanded
[t=0.007053s, 12532 KB] f = 6, 67 evaluated, 26 expanded
[t=0.007053s, 12532 KB] New best heuristic value for merge_and_shrink: 1
[t=0.007053s, 12532 KB] g=5, 74 evaluated, 29 expanded
[t=0.007053s, 12532 KB] f = 7, 148 evaluated, 69 expanded
[t=0.007053s, 12532 KB] f = 8, 275 evaluated, 148 expanded
[t=0.008053s, 12532 KB] f = 9, 472 evaluated, 280 expanded
[t=0.008053s, 12532 KB] f = 10, 740 evaluated, 472 expanded
[t=0.008053s, 12532 KB] New best heuristic value for merge_and_shrink: 0
[t=0.008053s, 12532 KB] g=10, 756 evaluated, 482 expanded
[t=0.008053s, 12532 KB] Solution found!
[t=0.008053s, 12532 KB] Actual search time: 0.001000s
sample_rock rover0 rover0store waypoint3 (1)
communicate_rock_data rover0 general waypoint3 waypoint3 waypoint0 (1)
calibrate rover0 camera0 objective1 waypoint3 (1)
take_image rover0 waypoint3 objective1 camera0 high_res (1)
communicate_image_data rover0 general objective1 high_res waypoint3 waypoint0 (1)
navigate rover0 waypoint3 waypoint1 (1)
navigate rover0 waypoint1 waypoint2 (1)
drop rover0 rover0store (1)
sample_soil rover0 rover0store waypoint2 (1)
communicate_soil_data rover0 general waypoint2 waypoint2 waypoint0 (1)
[t=0.008053s, 12532 KB] Plan length: 10 step(s).
[t=0.008053s, 12532 KB] Plan cost: 10
[t=0.008053s, 12532 KB] Expanded 483 state(s).
[t=0.008053s, 12532 KB] Reopened 0 state(s).
[t=0.008053s, 12532 KB] Evaluated 757 state(s).
[t=0.008053s, 12532 KB] Evaluations: 757
[t=0.008053s, 12532 KB] Generated 2854 state(s).
[t=0.008053s, 12532 KB] Dead ends: 0 state(s).
[t=0.008053s, 12532 KB] Expanded until last jump: 472 state(s).
[t=0.008053s, 12532 KB] Reopened until last jump: 0 state(s).
[t=0.008053s, 12532 KB] Evaluated until last jump: 740 state(s).
[t=0.008053s, 12532 KB] Generated until last jump: 2782 state(s).
[t=0.008053s, 12532 KB] Number of registered states: 757
[t=0.008053s, 12532 KB] Int hash set load factor: 757/1024 = 0.739258
[t=0.008053s, 12532 KB] Int hash set resizes: 10
[t=0.008053s, 12532 KB] Search time: 0.001000s
[t=0.008053s, 12532 KB] Total time: 0.008053s
Solution found.
Peak memory: 12532 KB
exitcode: 0

Exit codes: [0]
Remove intermediate file output.sas
search exit code: 0

INFO     Planner time: 0.18s
