./fast-downward.sif --alias lama-first --overall-memory-limit 8G --overall-time-limit 60 --plan-file data/example_2/marking/2/plan.p01.pddl.merged data/example_2/marking/2/domain.pddl data/example_2/marking/2/p01.pddl
INFO     planner time limit: 60s
INFO     planner memory limit: 8192 MB

INFO     Running translator.
INFO     translator stdin: None
INFO     translator time limit: 59s
INFO     translator memory limit: 8192 MB
INFO     translator command line string: /usr/bin/python3 /workspace/downward/builds/release/bin/translate/translate.py data/example_2/marking/2/domain.pddl data/example_2/marking/2/p01.pddl --sas-file output.sas
Parsing...
Parsing: [0.000s CPU, 0.007s wall-clock]
Normalizing task... [0.000s CPU, 0.002s wall-clock]
Instantiating...
Generating Datalog program... [0.010s CPU, 0.001s wall-clock]
Normalizing Datalog program...
Normalizing Datalog program: [0.020s CPU, 0.024s wall-clock]
Preparing model... [0.010s CPU, 0.007s wall-clock]
Generated 1014 rules.
Computing model... [0.010s CPU, 0.017s wall-clock]
948 relevant atoms
3439 auxiliary atoms
4387 final queue length
5298 total queue pushes
Completing instantiation... [0.010s CPU, 0.008s wall-clock]
Instantiating: [0.060s CPU, 0.058s wall-clock]
Computing fact groups...
Finding invariants...
71 initial candidates
Finding invariants: [0.010s CPU, 0.009s wall-clock]
Checking invariant weight... [0.000s CPU, 0.000s wall-clock]
Instantiating groups... [0.000s CPU, 0.000s wall-clock]
Collecting mutex groups... [0.000s CPU, 0.000s wall-clock]
Choosing groups...
37 uncovered facts
Choosing groups: [0.000s CPU, 0.000s wall-clock]
Building translation key... [0.000s CPU, 0.000s wall-clock]
Computing fact groups: [0.010s CPU, 0.010s wall-clock]
Building STRIPS to SAS dictionary... [0.000s CPU, 0.000s wall-clock]
Building dictionary for full mutex groups... [0.000s CPU, 0.000s wall-clock]
Building mutex information...
Building mutex information: [0.000s CPU, 0.000s wall-clock]
Translating task...
Processing axioms...
Simplifying axioms... [0.000s CPU, 0.000s wall-clock]
Translator axioms removed by simplifying: 0
Processing axioms: [0.000s CPU, 0.001s wall-clock]
Translating task: [0.020s CPU, 0.016s wall-clock]
38 effect conditions simplified
0 implied preconditions added
Detecting unreachable propositions...
311 operators removed
0 axioms removed
23 propositions removed
Detecting unreachable propositions: [0.000s CPU, 0.006s wall-clock]
Reordering and filtering variables...
28 of 48 variables necessary.
14 of 30 mutex groups necessary.
523 of 553 operators necessary.
0 of 0 axiom rules necessary.
Reordering and filtering variables: [0.010s CPU, 0.002s wall-clock]
Translator variables: 28
Translator derived variables: 0
Translator facts: 60
Translator goal facts: 1
Translator mutex groups: 14
Translator total mutex groups size: 28
Translator operators: 523
Translator axioms: 0
Translator task size: 2836
Translator peak memory: 36804 KB
Writing output... [0.000s CPU, 0.003s wall-clock]
Done! [0.110s CPU, 0.104s wall-clock]
translate exit code: 0

INFO     Running search (release).
INFO     search stdin: output.sas
INFO     search time limit: 59s
INFO     search memory limit: 8192 MB
INFO     search command line string: /workspace/downward/builds/release/bin/downward --search 'let(hlm,landmark_sum(lm_factory=lm_reasonable_orders_hps(lm_rhw()),transform=adapt_costs(one),pref=false),let(hff,ff(transform=adapt_costs(one)),lazy_greedy([hff,hlm],preferred=[hff,hlm],cost_type=one,reopen_closed=false)))' --internal-plan-file data/example_2/marking/2/plan.p01.pddl.merged < output.sas
[t=0.001196s, 12132 KB] reading input...
[t=0.003516s, 12264 KB] done reading input!
[t=0.004743s, 12664 KB] Initializing landmark sum heuristic...
[t=0.004743s, 12664 KB] Generating landmark graph...
[t=0.004743s, 12664 KB] Building a landmark graph with reasonable orders.
[t=0.004743s, 12664 KB] Initializing Exploration...
[t=0.004743s, 12664 KB] Generating landmarks using the RPG/SAS+ approach
[t=0.005462s, 12664 KB] Landmarks generation time: 0.000719s
[t=0.005462s, 12664 KB] Discovered 2 landmarks, of which 0 are disjunctive and 0 are conjunctive.
[t=0.005462s, 12664 KB] 1 edges
[t=0.005462s, 12664 KB] approx. reasonable orders
[t=0.005462s, 12664 KB] Landmarks generation time: 0.000719s
[t=0.005462s, 12664 KB] Discovered 2 landmarks, of which 0 are disjunctive and 0 are conjunctive.
[t=0.005462s, 12664 KB] 1 edges
[t=0.005462s, 12664 KB] Landmark graph generation time: 0.000719s
[t=0.005462s, 12664 KB] Landmark graph contains 2 landmarks, of which 0 are disjunctive and 0 are conjunctive.
[t=0.005462s, 12664 KB] Landmark graph contains 1 orderings.
[t=0.006462s, 12664 KB] Simplifying 606 unary operators... done! [198 unary operators]
[t=0.006462s, 12664 KB] time to simplify: 0.000000s
[t=0.006462s, 12664 KB] Initializing additive heuristic...
[t=0.006462s, 12664 KB] Initializing FF heuristic...
[t=0.006462s, 12664 KB] Building successor generator...done!
[t=0.006462s, 12664 KB] peak memory difference for successor generator creation: 0 KB
[t=0.006462s, 12664 KB] time for successor generation creation: 0.000000s
[t=0.006462s, 12664 KB] Variables: 28
[t=0.006462s, 12664 KB] FactPairs: 60
[t=0.006462s, 12664 KB] Bytes per state: 4
[t=0.006462s, 12664 KB] Conducting lazy best first search, (real) bound = 2147483647
[t=0.006462s, 12664 KB] New best heuristic value for landmark_sum_heuristic: 1
[t=0.006462s, 12664 KB] New best heuristic value for ff: 2
[t=0.006462s, 12664 KB] g=0, 1 evaluated, 0 expanded
[t=0.006462s, 12664 KB] Initial heuristic value for landmark_sum_heuristic: 1
[t=0.006462s, 12664 KB] Initial heuristic value for ff: 2
[t=0.006462s, 12664 KB] New best heuristic value for ff: 1
[t=0.006462s, 12664 KB] g=2, 29 evaluated, 28 expanded
[t=0.007463s, 12664 KB] Solution found!
[t=0.007463s, 12664 KB] Actual search time: 0.001001s
sample_soil rover0 rover0store waypoint3 (1)
drop rover0 rover0store (1)
fail_drop2 rover0 rover0store (1)
[t=0.007463s, 12664 KB] Plan length: 3 step(s).
[t=0.007463s, 12664 KB] Plan cost: 3
[t=0.007463s, 12664 KB] Expanded 29 state(s).
[t=0.007463s, 12664 KB] Reopened 0 state(s).
[t=0.007463s, 12664 KB] Evaluated 30 state(s).
[t=0.007463s, 12664 KB] Evaluations: 60
[t=0.007463s, 12664 KB] Generated 138 state(s).
[t=0.007463s, 12664 KB] Dead ends: 0 state(s).
[t=0.007463s, 12664 KB] Number of registered states: 30
[t=0.007463s, 12664 KB] Int hash set load factor: 30/32 = 0.937500
[t=0.007463s, 12664 KB] Int hash set resizes: 5
[t=0.007463s, 12664 KB] Search time: 0.001001s
[t=0.007463s, 12664 KB] Total time: 0.007463s
Solution found.
Peak memory: 12664 KB
Remove intermediate file output.sas
search exit code: 0

INFO     Planner time: 0.27s
