./fast-downward.sif --alias lama-first --overall-memory-limit 8G --overall-time-limit 60 --plan-file data/example_2/marking/2/plan.p02.pddl data/example_2/submissions/2/domain.pddl data/example_2/submissions/2/p02.pddl
INFO     planner time limit: 60s
INFO     planner memory limit: 8192 MB

INFO     Running translator.
INFO     translator stdin: None
INFO     translator time limit: 59s
INFO     translator memory limit: 8192 MB
INFO     translator command line string: /usr/bin/python3 /workspace/downward/builds/release/bin/translate/translate.py data/example_2/submissions/2/domain.pddl data/example_2/submissions/2/p02.pddl --sas-file output.sas
Parsing...
Parsing: [0.000s CPU, 0.003s wall-clock]
Normalizing task... [0.000s CPU, 0.000s wall-clock]
Instantiating...
Generating Datalog program... [0.000s CPU, 0.000s wall-clock]
Normalizing Datalog program...
Normalizing Datalog program: [0.000s CPU, 0.004s wall-clock]
Preparing model... [0.000s CPU, 0.001s wall-clock]
Generated 90 rules.
Computing model... [0.010s CPU, 0.001s wall-clock]
159 relevant atoms
224 auxiliary atoms
383 final queue length
464 total queue pushes
Completing instantiation... [0.000s CPU, 0.001s wall-clock]
Instantiating: [0.010s CPU, 0.007s wall-clock]
Computing fact groups...
Finding invariants...
35 initial candidates
Finding invariants: [0.000s CPU, 0.001s wall-clock]
Checking invariant weight... [0.000s CPU, 0.000s wall-clock]
Instantiating groups... [0.000s CPU, 0.000s wall-clock]
Collecting mutex groups... [0.000s CPU, 0.000s wall-clock]
Choosing groups...
20 uncovered facts
Choosing groups: [0.000s CPU, 0.000s wall-clock]
Building translation key... [0.000s CPU, 0.000s wall-clock]
Computing fact groups: [0.000s CPU, 0.002s wall-clock]
Building STRIPS to SAS dictionary... [0.000s CPU, 0.000s wall-clock]
Building dictionary for full mutex groups... [0.000s CPU, 0.000s wall-clock]
Building mutex information...
Building mutex information: [0.000s CPU, 0.000s wall-clock]
Translating task...
Processing axioms...
Simplifying axioms... [0.000s CPU, 0.000s wall-clock]
Translator axioms removed by simplifying: 0
Processing axioms: [0.000s CPU, 0.000s wall-clock]
Translating task: [0.000s CPU, 0.001s wall-clock]
18 effect conditions simplified
0 implied preconditions added
Detecting unreachable propositions...
0 operators removed
0 axioms removed
7 propositions removed
Detecting unreachable propositions: [0.000s CPU, 0.001s wall-clock]
Reordering and filtering variables...
10 of 21 variables necessary.
0 of 3 mutex groups necessary.
31 of 53 operators necessary.
0 of 0 axiom rules necessary.
Reordering and filtering variables: [0.000s CPU, 0.000s wall-clock]
Translator variables: 10
Translator derived variables: 0
Translator facts: 22
Translator goal facts: 3
Translator mutex groups: 0
Translator total mutex groups size: 0
Translator operators: 31
Translator axioms: 0
Translator task size: 160
Translator peak memory: 32720 KB
Writing output... [0.000s CPU, 0.000s wall-clock]
Done! [0.010s CPU, 0.014s wall-clock]
translate exit code: 0

INFO     Running search (release).
INFO     search stdin: output.sas
INFO     search time limit: 59s
INFO     search memory limit: 8192 MB
INFO     search command line string: /workspace/downward/builds/release/bin/downward --search 'let(hlm,landmark_sum(lm_factory=lm_reasonable_orders_hps(lm_rhw()),transform=adapt_costs(one),pref=false),let(hff,ff(transform=adapt_costs(one)),lazy_greedy([hff,hlm],preferred=[hff,hlm],cost_type=one,reopen_closed=false)))' --internal-plan-file data/example_2/marking/2/plan.p02.pddl < output.sas
[t=0.000928s, 12132 KB] reading input...
[t=0.001325s, 12132 KB] done reading input!
[t=0.002637s, 12396 KB] Initializing landmark sum heuristic...
[t=0.003073s, 12396 KB] Generating landmark graph...
[t=0.003073s, 12396 KB] Building a landmark graph with reasonable orders.
[t=0.003073s, 12396 KB] Initializing Exploration...
[t=0.003073s, 12396 KB] Generating landmarks using the RPG/SAS+ approach
[t=0.003073s, 12396 KB] Landmarks generation time: 0.000000s
[t=0.003073s, 12396 KB] Discovered 16 landmarks, of which 0 are disjunctive and 0 are conjunctive.
[t=0.003073s, 12396 KB] 17 edges
[t=0.003073s, 12396 KB] approx. reasonable orders
[t=0.003073s, 12396 KB] Landmarks generation time: 0.000000s
[t=0.003073s, 12396 KB] Discovered 16 landmarks, of which 0 are disjunctive and 0 are conjunctive.
[t=0.003073s, 12396 KB] 17 edges
[t=0.003073s, 12396 KB] Landmark graph generation time: 0.000000s
[t=0.003073s, 12396 KB] Landmark graph contains 16 landmarks, of which 0 are disjunctive and 0 are conjunctive.
[t=0.003073s, 12396 KB] Landmark graph contains 17 orderings.
[t=0.003073s, 12396 KB] Simplifying 38 unary operators... done! [29 unary operators]
[t=0.003073s, 12396 KB] time to simplify: 0.000000s
[t=0.003073s, 12396 KB] Initializing additive heuristic...
[t=0.003073s, 12396 KB] Initializing FF heuristic...
[t=0.003073s, 12396 KB] Building successor generator...done!
[t=0.003073s, 12396 KB] peak memory difference for successor generator creation: 0 KB
[t=0.003073s, 12396 KB] time for successor generation creation: 0.000000s
[t=0.003073s, 12396 KB] Variables: 10
[t=0.003073s, 12396 KB] FactPairs: 22
[t=0.003073s, 12396 KB] Bytes per state: 4
[t=0.003073s, 12396 KB] Conducting lazy best first search, (real) bound = 2147483647
[t=0.003073s, 12532 KB] New best heuristic value for landmark_sum_heuristic: 7
[t=0.003073s, 12532 KB] New best heuristic value for ff: 7
[t=0.003073s, 12532 KB] g=0, 1 evaluated, 0 expanded
[t=0.003073s, 12532 KB] Initial heuristic value for landmark_sum_heuristic: 7
[t=0.003073s, 12532 KB] Initial heuristic value for ff: 7
[t=0.003073s, 12532 KB] New best heuristic value for landmark_sum_heuristic: 6
[t=0.003073s, 12532 KB] New best heuristic value for ff: 6
[t=0.003073s, 12532 KB] g=1, 2 evaluated, 1 expanded
[t=0.004073s, 12532 KB] New best heuristic value for landmark_sum_heuristic: 5
[t=0.004073s, 12532 KB] New best heuristic value for ff: 5
[t=0.004073s, 12532 KB] g=2, 3 evaluated, 2 expanded
[t=0.004073s, 12532 KB] New best heuristic value for landmark_sum_heuristic: 4
[t=0.004073s, 12532 KB] New best heuristic value for ff: 4
[t=0.004073s, 12532 KB] g=3, 4 evaluated, 3 expanded
[t=0.004073s, 12532 KB] New best heuristic value for landmark_sum_heuristic: 3
[t=0.004073s, 12532 KB] New best heuristic value for ff: 3
[t=0.004073s, 12532 KB] g=5, 7 evaluated, 6 expanded
[t=0.004073s, 12532 KB] New best heuristic value for landmark_sum_heuristic: 2
[t=0.004073s, 12532 KB] New best heuristic value for ff: 2
[t=0.004073s, 12532 KB] g=6, 8 evaluated, 7 expanded
[t=0.004073s, 12532 KB] New best heuristic value for landmark_sum_heuristic: 1
[t=0.004073s, 12532 KB] New best heuristic value for ff: 1
[t=0.004073s, 12532 KB] g=7, 9 evaluated, 8 expanded
[t=0.004073s, 12532 KB] Solution found!
[t=0.004073s, 12532 KB] Actual search time: 0.001001s
calibrate rover0 camera0 objective0 waypoint0 (1)
take_image rover0 waypoint0 objective1 camera0 low_res (1)
communicate_image_data rover0 general objective1 low_res waypoint0 waypoint1 (1)
sample_rock rover0 rover0store waypoint0 (1)
communicate_rock_data rover0 general waypoint0 waypoint0 waypoint1 (1)
drop rover0 rover0store (1)
sample_soil rover0 rover0store waypoint0 (1)
communicate_soil_data rover0 general waypoint0 waypoint0 waypoint1 (1)
[t=0.004073s, 12532 KB] Plan length: 8 step(s).
[t=0.004073s, 12532 KB] Plan cost: 8
[t=0.004073s, 12532 KB] Expanded 9 state(s).
[t=0.004073s, 12532 KB] Reopened 0 state(s).
[t=0.004073s, 12532 KB] Evaluated 10 state(s).
[t=0.004073s, 12532 KB] Evaluations: 20
[t=0.004073s, 12532 KB] Generated 69 state(s).
[t=0.004073s, 12532 KB] Dead ends: 0 state(s).
[t=0.004073s, 12532 KB] Number of registered states: 10
[t=0.004073s, 12532 KB] Int hash set load factor: 10/16 = 0.625000
[t=0.004073s, 12532 KB] Int hash set resizes: 4
[t=0.004073s, 12532 KB] Search time: 0.001001s
[t=0.004073s, 12532 KB] Total time: 0.004073s
Solution found.
Peak memory: 12532 KB
Remove intermediate file output.sas
search exit code: 0

INFO     Planner time: 0.17s
