./fast-downward.sif --alias lama-first --overall-memory-limit 8G --overall-time-limit 60 --plan-file ./submissions/rover_example/marking/1/plan.p01.pddl.merged ./submissions/rover_example/marking/1/domain.pddl ./submissions/rover_example/marking/1/p01.pddl
INFO     planner time limit: 60s
INFO     planner memory limit: 8192 MB

INFO     Running translator.
INFO     translator stdin: None
INFO     translator time limit: 59s
INFO     translator memory limit: 8192 MB
INFO     translator command line string: /usr/bin/python3 /workspace/downward/builds/release/bin/translate/translate.py submissions/rover_example/marking/1/domain.pddl submissions/rover_example/marking/1/p01.pddl --sas-file output.sas
Parsing...
Parsing: [0.010s CPU, 0.006s wall-clock]
Normalizing task... [0.000s CPU, 0.002s wall-clock]
Instantiating...
Generating Datalog program... [0.000s CPU, 0.001s wall-clock]
Normalizing Datalog program...
Normalizing Datalog program: [0.020s CPU, 0.023s wall-clock]
Preparing model... [0.010s CPU, 0.007s wall-clock]
Generated 1014 rules.
Computing model... [0.010s CPU, 0.016s wall-clock]
948 relevant atoms
3439 auxiliary atoms
4387 final queue length
5298 total queue pushes
Completing instantiation... [0.010s CPU, 0.008s wall-clock]
Instantiating: [0.050s CPU, 0.057s wall-clock]
Computing fact groups...
Finding invariants...
72 initial candidates
Finding invariants: [0.010s CPU, 0.008s wall-clock]
Checking invariant weight... [0.000s CPU, 0.000s wall-clock]
Instantiating groups... [0.000s CPU, 0.000s wall-clock]
Collecting mutex groups... [0.000s CPU, 0.000s wall-clock]
Choosing groups...
35 uncovered facts
Choosing groups: [0.000s CPU, 0.000s wall-clock]
Building translation key... [0.000s CPU, 0.000s wall-clock]
Computing fact groups: [0.010s CPU, 0.009s wall-clock]
Building STRIPS to SAS dictionary... [0.000s CPU, 0.000s wall-clock]
Building dictionary for full mutex groups... [0.000s CPU, 0.000s wall-clock]
Building mutex information...
Building mutex information: [0.000s CPU, 0.000s wall-clock]
Translating task...
Processing axioms...
Simplifying axioms... [0.000s CPU, 0.000s wall-clock]
Translator axioms removed by simplifying: 0
Processing axioms: [0.000s CPU, 0.001s wall-clock]
Translating task: [0.020s CPU, 0.016s wall-clock]
32 effect conditions simplified
0 implied preconditions added
Detecting unreachable propositions...
318 operators removed
0 axioms removed
24 propositions removed
Detecting unreachable propositions: [0.000s CPU, 0.006s wall-clock]
Reordering and filtering variables...
27 of 47 variables necessary.
15 of 32 mutex groups necessary.
523 of 553 operators necessary.
0 of 0 axiom rules necessary.
Reordering and filtering variables: [0.000s CPU, 0.001s wall-clock]
Translator variables: 27
Translator derived variables: 0
Translator facts: 58
Translator goal facts: 1
Translator mutex groups: 15
Translator total mutex groups size: 30
Translator operators: 523
Translator axioms: 0
Translator task size: 2829
Translator peak memory: 36804 KB
Writing output... [0.010s CPU, 0.003s wall-clock]
Done! [0.100s CPU, 0.100s wall-clock]
translate exit code: 0

INFO     Running search (release).
INFO     search stdin: output.sas
INFO     search time limit: 59s
INFO     search memory limit: 8192 MB
INFO     search command line string: /workspace/downward/builds/release/bin/downward --search 'let(hlm,landmark_sum(lm_factory=lm_reasonable_orders_hps(lm_rhw()),transform=adapt_costs(one),pref=false),let(hff,ff(transform=adapt_costs(one)),lazy_greedy([hff,hlm],preferred=[hff,hlm],cost_type=one,reopen_closed=false)))' --internal-plan-file submissions/rover_example/marking/1/plan.p01.pddl.merged < output.sas
[t=0.001466s, 12124 KB] reading input...
[t=0.003761s, 12256 KB] done reading input!
[t=0.005074s, 12656 KB] Initializing landmark sum heuristic...
[t=0.005074s, 12656 KB] Generating landmark graph...
[t=0.005074s, 12656 KB] Building a landmark graph with reasonable orders.
[t=0.005074s, 12656 KB] Initializing Exploration...
[t=0.005617s, 12656 KB] Generating landmarks using the RPG/SAS+ approach
[t=0.005617s, 12656 KB] Landmarks generation time: 0.000544s
[t=0.005617s, 12656 KB] Discovered 2 landmarks, of which 0 are disjunctive and 0 are conjunctive.
[t=0.005617s, 12656 KB] 1 edges
[t=0.005617s, 12656 KB] approx. reasonable orders
[t=0.005617s, 12656 KB] Landmarks generation time: 0.001543s
[t=0.006617s, 12656 KB] Discovered 2 landmarks, of which 0 are disjunctive and 0 are conjunctive.
[t=0.006617s, 12656 KB] 1 edges
[t=0.006617s, 12656 KB] Landmark graph generation time: 0.001543s
[t=0.006617s, 12656 KB] Landmark graph contains 2 landmarks, of which 0 are disjunctive and 0 are conjunctive.
[t=0.006617s, 12656 KB] Landmark graph contains 1 orderings.
[t=0.006617s, 12656 KB] Simplifying 600 unary operators... done! [180 unary operators]
[t=0.006617s, 12656 KB] time to simplify: 0.000000s
[t=0.006617s, 12656 KB] Initializing additive heuristic...
[t=0.006617s, 12656 KB] Initializing FF heuristic...
[t=0.006617s, 12656 KB] Building successor generator...done!
[t=0.006617s, 12656 KB] peak memory difference for successor generator creation: 0 KB
[t=0.006617s, 12656 KB] time for successor generation creation: 0.000000s
[t=0.006617s, 12656 KB] Variables: 27
[t=0.006617s, 12656 KB] FactPairs: 58
[t=0.006617s, 12656 KB] Bytes per state: 4
[t=0.006617s, 12656 KB] Conducting lazy best first search, (real) bound = 2147483647
[t=0.006617s, 12656 KB] New best heuristic value for landmark_sum_heuristic: 1
[t=0.006617s, 12656 KB] New best heuristic value for ff: 2
[t=0.006617s, 12656 KB] g=0, 1 evaluated, 0 expanded
[t=0.006617s, 12656 KB] Initial heuristic value for landmark_sum_heuristic: 1
[t=0.006617s, 12656 KB] Initial heuristic value for ff: 2
[t=0.117550s, 13768 KB] Completely explored state space -- no solution!
[t=0.117550s, 13768 KB] Actual search time: 0.110933s
[t=0.117550s, 13768 KB] Expanded 16256 state(s).
[t=0.117550s, 13768 KB] Reopened 0 state(s).
[t=0.117550s, 13768 KB] Evaluated 16256 state(s).
[t=0.117550s, 13768 KB] Evaluations: 32512
[t=0.117550s, 13768 KB] Generated 87360 state(s).
[t=0.117550s, 13768 KB] Dead ends: 0 state(s).
[t=0.117550s, 13768 KB] Number of registered states: 16256
[t=0.117550s, 13768 KB] Int hash set load factor: 16256/32768 = 0.496094
[t=0.117550s, 13768 KB] Int hash set resizes: 15
[t=0.117550s, 13768 KB] Search time: 0.110933s
[t=0.117550s, 13768 KB] Total time: 0.117550s
Search stopped without finding a solution.
Peak memory: 13768 KB
Remove intermediate file output.sas
search exit code: 12

Driver aborting after search
INFO     Planner time: 0.37s
