./fast-downward.sif --alias lama-first --overall-memory-limit 8G --overall-time-limit 60 --plan-file ./submissions/rover_example/marking/2/plan.p01.pddl ./submissions/rover_example/submissions/2/domain.pddl ./submissions/rover_example/submissions/2/p01.pddl
INFO     planner time limit: 60s
INFO     planner memory limit: 8192 MB

INFO     Running translator.
INFO     translator stdin: None
INFO     translator time limit: 59s
INFO     translator memory limit: 8192 MB
INFO     translator command line string: /usr/bin/python3 /workspace/downward/builds/release/bin/translate/translate.py submissions/rover_example/submissions/2/domain.pddl submissions/rover_example/submissions/2/p01.pddl --sas-file output.sas
Parsing...
Parsing: [0.000s CPU, 0.002s wall-clock]
Normalizing task... [0.000s CPU, 0.000s wall-clock]
Instantiating...
Generating Datalog program... [0.000s CPU, 0.000s wall-clock]
Normalizing Datalog program...
Normalizing Datalog program: [0.000s CPU, 0.004s wall-clock]
Preparing model... [0.000s CPU, 0.001s wall-clock]
Generated 90 rules.
Computing model... [0.000s CPU, 0.001s wall-clock]
173 relevant atoms
269 auxiliary atoms
442 final queue length
546 total queue pushes
Completing instantiation... [0.000s CPU, 0.001s wall-clock]
Instantiating: [0.000s CPU, 0.007s wall-clock]
Computing fact groups...
Finding invariants...
35 initial candidates
Finding invariants: [0.010s CPU, 0.001s wall-clock]
Checking invariant weight... [0.000s CPU, 0.000s wall-clock]
Instantiating groups... [0.000s CPU, 0.000s wall-clock]
Collecting mutex groups... [0.000s CPU, 0.000s wall-clock]
Choosing groups...
19 uncovered facts
Choosing groups: [0.000s CPU, 0.000s wall-clock]
Building translation key... [0.000s CPU, 0.000s wall-clock]
Computing fact groups: [0.010s CPU, 0.002s wall-clock]
Building STRIPS to SAS dictionary... [0.000s CPU, 0.000s wall-clock]
Building dictionary for full mutex groups... [0.000s CPU, 0.000s wall-clock]
Building mutex information...
Building mutex information: [0.000s CPU, 0.000s wall-clock]
Translating task...
Processing axioms...
Simplifying axioms... [0.000s CPU, 0.000s wall-clock]
Translator axioms removed by simplifying: 0
Processing axioms: [0.000s CPU, 0.000s wall-clock]
Translating task: [0.000s CPU, 0.001s wall-clock]
22 effect conditions simplified
0 implied preconditions added
Detecting unreachable propositions...
0 operators removed
0 axioms removed
11 propositions removed
Detecting unreachable propositions: [0.000s CPU, 0.001s wall-clock]
Reordering and filtering variables...
14 of 24 variables necessary.
0 of 7 mutex groups necessary.
42 of 63 operators necessary.
0 of 0 axiom rules necessary.
Reordering and filtering variables: [0.000s CPU, 0.000s wall-clock]
Translator variables: 14
Translator derived variables: 0
Translator facts: 30
Translator goal facts: 3
Translator mutex groups: 0
Translator total mutex groups size: 0
Translator operators: 42
Translator axioms: 0
Translator task size: 226
Translator peak memory: 32704 KB
Writing output... [0.000s CPU, 0.000s wall-clock]
Done! [0.010s CPU, 0.015s wall-clock]
translate exit code: 0

INFO     Running search (release).
INFO     search stdin: output.sas
INFO     search time limit: 59s
INFO     search memory limit: 8192 MB
INFO     search command line string: /workspace/downward/builds/release/bin/downward --search 'let(hlm,landmark_sum(lm_factory=lm_reasonable_orders_hps(lm_rhw()),transform=adapt_costs(one),pref=false),let(hff,ff(transform=adapt_costs(one)),lazy_greedy([hff,hlm],preferred=[hff,hlm],cost_type=one,reopen_closed=false)))' --internal-plan-file submissions/rover_example/marking/2/plan.p01.pddl < output.sas
[t=0.001321s, 12124 KB] reading input...
[t=0.001768s, 12124 KB] done reading input!
[t=0.003073s, 12388 KB] Initializing landmark sum heuristic...
[t=0.003073s, 12388 KB] Generating landmark graph...
[t=0.003073s, 12388 KB] Building a landmark graph with reasonable orders.
[t=0.003073s, 12388 KB] Initializing Exploration...
[t=0.003073s, 12388 KB] Generating landmarks using the RPG/SAS+ approach
[t=0.003695s, 12388 KB] Landmarks generation time: 0.000622s
[t=0.003695s, 12388 KB] Discovered 18 landmarks, of which 0 are disjunctive and 0 are conjunctive.
[t=0.003695s, 12388 KB] 22 edges
[t=0.003695s, 12388 KB] approx. reasonable orders
[t=0.003695s, 12388 KB] Landmarks generation time: 0.000622s
[t=0.003695s, 12388 KB] Discovered 18 landmarks, of which 0 are disjunctive and 0 are conjunctive.
[t=0.003695s, 12388 KB] 22 edges
[t=0.003695s, 12388 KB] Landmark graph generation time: 0.000622s
[t=0.003695s, 12388 KB] Landmark graph contains 18 landmarks, of which 0 are disjunctive and 0 are conjunctive.
[t=0.003695s, 12388 KB] Landmark graph contains 22 orderings.
[t=0.003695s, 12388 KB] Simplifying 58 unary operators... done! [46 unary operators]
[t=0.003695s, 12388 KB] time to simplify: 0.000000s
[t=0.003695s, 12388 KB] Initializing additive heuristic...
[t=0.003695s, 12388 KB] Initializing FF heuristic...
[t=0.003695s, 12388 KB] Building successor generator...done!
[t=0.003695s, 12388 KB] peak memory difference for successor generator creation: 0 KB
[t=0.003695s, 12388 KB] time for successor generation creation: 0.000000s
[t=0.003695s, 12388 KB] Variables: 14
[t=0.003695s, 12388 KB] FactPairs: 30
[t=0.003695s, 12388 KB] Bytes per state: 4
[t=0.003695s, 12388 KB] Conducting lazy best first search, (real) bound = 2147483647
[t=0.003695s, 12520 KB] New best heuristic value for landmark_sum_heuristic: 9
[t=0.003695s, 12520 KB] New best heuristic value for ff: 9
[t=0.003695s, 12520 KB] g=0, 1 evaluated, 0 expanded
[t=0.003695s, 12520 KB] Initial heuristic value for landmark_sum_heuristic: 9
[t=0.003695s, 12520 KB] Initial heuristic value for ff: 9
[t=0.003695s, 12520 KB] New best heuristic value for landmark_sum_heuristic: 8
[t=0.003695s, 12520 KB] New best heuristic value for ff: 8
[t=0.003695s, 12520 KB] g=1, 2 evaluated, 1 expanded
[t=0.003695s, 12520 KB] New best heuristic value for landmark_sum_heuristic: 7
[t=0.003695s, 12520 KB] New best heuristic value for ff: 7
[t=0.003695s, 12520 KB] g=2, 4 evaluated, 3 expanded
[t=0.003695s, 12520 KB] New best heuristic value for landmark_sum_heuristic: 6
[t=0.003695s, 12520 KB] New best heuristic value for ff: 6
[t=0.003695s, 12520 KB] g=3, 6 evaluated, 5 expanded
[t=0.003695s, 12520 KB] New best heuristic value for landmark_sum_heuristic: 5
[t=0.003695s, 12520 KB] g=5, 9 evaluated, 8 expanded
[t=0.004696s, 12520 KB] New best heuristic value for ff: 5
[t=0.004696s, 12520 KB] g=5, 11 evaluated, 10 expanded
[t=0.004696s, 12520 KB] New best heuristic value for landmark_sum_heuristic: 4
[t=0.004696s, 12520 KB] New best heuristic value for ff: 4
[t=0.004696s, 12520 KB] g=6, 13 evaluated, 12 expanded
[t=0.004696s, 12520 KB] New best heuristic value for landmark_sum_heuristic: 3
[t=0.004696s, 12520 KB] New best heuristic value for ff: 3
[t=0.004696s, 12520 KB] g=7, 14 evaluated, 13 expanded
[t=0.004696s, 12520 KB] New best heuristic value for landmark_sum_heuristic: 2
[t=0.004696s, 12520 KB] New best heuristic value for ff: 2
[t=0.004696s, 12520 KB] g=8, 15 evaluated, 14 expanded
[t=0.004696s, 12520 KB] New best heuristic value for landmark_sum_heuristic: 1
[t=0.004696s, 12520 KB] New best heuristic value for ff: 1
[t=0.004696s, 12520 KB] g=9, 16 evaluated, 15 expanded
[t=0.004696s, 12520 KB] Solution found!
[t=0.004696s, 12520 KB] Actual search time: 0.001001s
calibrate rover0 camera0 objective1 waypoint3 (1)
take_image rover0 waypoint3 objective1 camera0 high_res (1)
communicate_image_data rover0 general objective1 high_res waypoint3 waypoint0 (1)
sample_rock rover0 rover0store waypoint3 (1)
navigate rover0 waypoint3 waypoint1 (1)
navigate rover0 waypoint1 waypoint2 (1)
communicate_rock_data rover0 general waypoint3 waypoint2 waypoint0 (1)
drop rover0 rover0store (1)
sample_soil rover0 rover0store waypoint2 (1)
communicate_soil_data rover0 general waypoint2 waypoint2 waypoint0 (1)
[t=0.004696s, 12520 KB] Plan length: 10 step(s).
[t=0.004696s, 12520 KB] Plan cost: 10
[t=0.004696s, 12520 KB] Expanded 16 state(s).
[t=0.004696s, 12520 KB] Reopened 0 state(s).
[t=0.004696s, 12520 KB] Evaluated 17 state(s).
[t=0.004696s, 12520 KB] Evaluations: 34
[t=0.004696s, 12520 KB] Generated 95 state(s).
[t=0.004696s, 12520 KB] Dead ends: 0 state(s).
[t=0.004696s, 12520 KB] Number of registered states: 17
[t=0.004696s, 12520 KB] Int hash set load factor: 17/32 = 0.531250
[t=0.004696s, 12520 KB] Int hash set resizes: 5
[t=0.004696s, 12520 KB] Search time: 0.001001s
[t=0.004696s, 12520 KB] Total time: 0.004696s
Solution found.
Peak memory: 12520 KB
Remove intermediate file output.sas
search exit code: 0

INFO     Planner time: 0.17s
